#
# A fatal error has been detected by the Java Runtime Environment:
#
#  EXCEPTION_ACCESS_VIOLATION (0xc0000005) at pc=0x00000000618dee11, pid=16888, tid=17560
#
# JRE version: Java(TM) SE Runtime Environment (7.0_40-b43) (build 1.7.0_40-b43)
# Java VM: Java HotSpot(TM) 64-Bit Server VM (24.0-b56 mixed mode windows-amd64 compressed oops)
# Problematic frame:
# V  [jvm.dll+0x11ee11]
#
# Failed to write core dump. Minidumps are not enabled by default on client versions of Windows
#
# If you would like to submit a bug report, please visit:
#   http://bugreport.sun.com/bugreport/crash.jsp
#

---------------  T H R E A D  ---------------

Current thread (0x000000000d135000):  JavaThread "AWT-EventQueue-0" [_thread_in_vm, id=17560, stack(0x000000000e1f0000,0x000000000e2f0000)]

siginfo: ExceptionCode=0xc0000005, reading address 0xffffffffffffffff

Registers:
RAX=0x0000000000000000, RBX=0x000000000d135000, RCX=0x0000000000000500, RDX=0xb800000007d7602d
RSP=0x000000000e2ec590, RBP=0x000000000e2ec6e0, RSI=0x000000000d1351e8, RDI=0x000000000e2ec8f9
R8 =0xffffffff9ee5ea28, R9 =0x00000000611a1607, R10=0x000000000000002f, R11=0x000000000000002f
R12=0x0000000000000000, R13=0x000000000e2ec8f8, R14=0x000000000e2ec928, R15=0x000000000e2ec930
RIP=0x00000000618dee11, EFLAGS=0x0000000000010202

Top of Stack: (sp=0x000000000e2ec590)
0x000000000e2ec590:   00000000611a15d8 000000000d135000
0x000000000e2ec5a0:   000000000e2ec6e0 000000000d7c48b0
0x000000000e2ec5b0:   000000000d135000 0000000000000000
0x000000000e2ec5c0:   000000000cde5468 000000020000000b
0x000000000e2ec5d0:   000000000e2ec8f9 00000000611a3634
0x000000000e2ec5e0:   000000000d1351e8 000000000e2ec6e0
0x000000000e2ec5f0:   000000000d3235a0 0000000000000000
0x000000000e2ec600:   0000000000000000 0000000000000000
0x000000000e2ec610:   0000000000000000 0000000000000000
0x000000000e2ec620:   0000000000000000 0000000000000000
0x000000000e2ec630:   0000000000000000 0000000000000000
0x000000000e2ec640:   0000000000000000 0000000000000000
0x000000000e2ec650:   0000000000000000 0000000002e90e97
0x000000000e2ec660:   0000000002e911a0 0000000000000000
0x000000000e2ec670:   0000000000000000 000000000e2ec8f8
0x000000000e2ec680:   000000000e2ec910 0000000000000000 

Instructions: (pc=0x00000000618dee11)
0x00000000618dedf1:   c7 44 24 28 00 00 00 00 74 0a 48 8d 4c 24 20 e8
0x00000000618dee01:   3b bd 10 00 80 3d 2c be 62 00 00 48 8b 17 74 15
0x00000000618dee11:   8b 52 08 8b 0d 9e ca 5c 00 48 d3 e2 48 03 15 8c
0x00000000618dee21:   ca 5c 00 eb 04 48 8b 52 08 48 8b 52 78 48 8b ce 


Register to memory mapping:

RAX=0x0000000000000000 is an unknown value
RBX=0x000000000d135000 is a thread
RCX=0x0000000000000500 is an unknown value
RDX=0xb800000007d7602d is an unknown value
RSP=0x000000000e2ec590 is pointing into the stack for thread: 0x000000000d135000
RBP=0x000000000e2ec6e0 is pointing into the stack for thread: 0x000000000d135000
RSI=0x000000000d1351e8 is an unknown value
RDI=0x000000000e2ec8f9 is pointing into the stack for thread: 0x000000000d135000
R8 =0xffffffff9ee5ea28 is an unknown value
R9 =0x00000000611a1607 is an unknown value
R10=0x000000000000002f is an unknown value
R11=0x000000000000002f is an unknown value
R12=0x0000000000000000 is an unknown value
R13=0x000000000e2ec8f8 is pointing into the stack for thread: 0x000000000d135000
R14=0x000000000e2ec928 is pointing into the stack for thread: 0x000000000d135000
R15=0x000000000e2ec930 is pointing into the stack for thread: 0x000000000d135000


Stack: [0x000000000e1f0000,0x000000000e2f0000],  sp=0x000000000e2ec590,  free space=1009k
Native frames: (J=compiled Java code, j=interpreted, Vv=VM code, C=native code)
V  [jvm.dll+0x11ee11]

Java frames: (J=compiled Java code, j=interpreted, Vv=VM code)
j  com.microsoft.sqlserver.jdbc.AuthenticationJNI.SNISecGenClientContext([B[I[BI[B[I[ZLjava/lang/String;Ljava/lang/String;Ljava/lang/String;Ljava/util/logging/Logger;)I+0
j  com.microsoft.sqlserver.jdbc.AuthenticationJNI.GenerateClientContext([BI[B[I[Z)I+24
j  com.microsoft.sqlserver.jdbc.SQLServerConnection.SSPIData([B[B[I[ZLcom/microsoft/sqlserver/jdbc/AuthenticationJNI;)V+13
j  com.microsoft.sqlserver.jdbc.SQLServerConnection.sendLogon(Lcom/microsoft/sqlserver/jdbc/SQLServerConnection$LogonCommand;Lcom/microsoft/sqlserver/jdbc/AuthenticationJNI;)V+155
j  com.microsoft.sqlserver.jdbc.SQLServerConnection.logon(Lcom/microsoft/sqlserver/jdbc/SQLServerConnection$LogonCommand;)V+20
j  com.microsoft.sqlserver.jdbc.SQLServerConnection.access$000(Lcom/microsoft/sqlserver/jdbc/SQLServerConnection;Lcom/microsoft/sqlserver/jdbc/SQLServerConnection$LogonCommand;)V+2
j  com.microsoft.sqlserver.jdbc.SQLServerConnection$LogonCommand.doExecute()Z+5
j  com.microsoft.sqlserver.jdbc.TDSCommand.execute(Lcom/microsoft/sqlserver/jdbc/TDSWriter;Lcom/microsoft/sqlserver/jdbc/TDSReader;)Z+11
j  com.microsoft.sqlserver.jdbc.SQLServerConnection.executeCommand(Lcom/microsoft/sqlserver/jdbc/TDSCommand;)Z+37
j  com.microsoft.sqlserver.jdbc.SQLServerConnection.connectHelper(Ljava/lang/String;III)V+250
j  com.microsoft.sqlserver.jdbc.SQLServerConnection.loginWithoutFailover(Ljava/lang/String;Ljava/lang/String;IIJ)V+270
j  com.microsoft.sqlserver.jdbc.SQLServerConnection.connect(Ljava/util/Properties;Lcom/microsoft/sqlserver/jdbc/SQLServerPooledConnection;)Ljava/sql/Connection;+2276
j  com.microsoft.sqlserver.jdbc.SQLServerDriver.connect(Ljava/lang/String;Ljava/util/Properties;)Ljava/sql/Connection;+50
j  java.sql.DriverManager.getConnection(Ljava/lang/String;Ljava/util/Properties;Ljava/lang/Class;)Ljava/sql/Connection;+172
j  java.sql.DriverManager.getConnection(Ljava/lang/String;)Ljava/sql/Connection;+13
j  GUI.FrmProperties.btnConnectActionPerformed(Ljava/awt/event/ActionEvent;)V+107
j  GUI.FrmProperties.access$200(LGUI/FrmProperties;Ljava/awt/event/ActionEvent;)V+2
j  GUI.FrmProperties$3.actionPerformed(Ljava/awt/event/ActionEvent;)V+5
j  javax.swing.AbstractButton.fireActionPerformed(Ljava/awt/event/ActionEvent;)V+84
j  javax.swing.AbstractButton$Handler.actionPerformed(Ljava/awt/event/ActionEvent;)V+5
j  javax.swing.DefaultButtonModel.fireActionPerformed(Ljava/awt/event/ActionEvent;)V+35
j  javax.swing.DefaultButtonModel.setPressed(Z)V+117
j  javax.swing.plaf.basic.BasicButtonListener.mouseReleased(Ljava/awt/event/MouseEvent;)V+35
j  java.awt.Component.processMouseEvent(Ljava/awt/event/MouseEvent;)V+64
j  javax.swing.JComponent.processMouseEvent(Ljava/awt/event/MouseEvent;)V+23
j  java.awt.Component.processEvent(Ljava/awt/AWTEvent;)V+81
j  java.awt.Container.processEvent(Ljava/awt/AWTEvent;)V+18
j  java.awt.Component.dispatchEventImpl(Ljava/awt/AWTEvent;)V+581
j  java.awt.Container.dispatchEventImpl(Ljava/awt/AWTEvent;)V+42
j  java.awt.Component.dispatchEvent(Ljava/awt/AWTEvent;)V+2
j  java.awt.LightweightDispatcher.retargetMouseEvent(Ljava/awt/Component;ILjava/awt/event/MouseEvent;)V+327
j  java.awt.LightweightDispatcher.processMouseEvent(Ljava/awt/event/MouseEvent;)Z+139
j  java.awt.LightweightDispatcher.dispatchEvent(Ljava/awt/AWTEvent;)Z+50
j  java.awt.Container.dispatchEventImpl(Ljava/awt/AWTEvent;)V+12
j  java.awt.Window.dispatchEventImpl(Ljava/awt/AWTEvent;)V+19
j  java.awt.Component.dispatchEvent(Ljava/awt/AWTEvent;)V+2
j  java.awt.EventQueue.dispatchEventImpl(Ljava/awt/AWTEvent;Ljava/lang/Object;)V+41
j  java.awt.EventQueue.access$200(Ljava/awt/EventQueue;Ljava/awt/AWTEvent;Ljava/lang/Object;)V+3
j  java.awt.EventQueue$3.run()Ljava/lang/Void;+12
j  java.awt.EventQueue$3.run()Ljava/lang/Object;+1
v  ~StubRoutines::call_stub
j  java.security.AccessController.doPrivileged(Ljava/security/PrivilegedAction;Ljava/security/AccessControlContext;)Ljava/lang/Object;+0
j  java.security.ProtectionDomain$1.doIntersectionPrivilege(Ljava/security/PrivilegedAction;Ljava/security/AccessControlContext;Ljava/security/AccessControlContext;)Ljava/lang/Object;+28
j  java.security.ProtectionDomain$1.doIntersectionPrivilege(Ljava/security/PrivilegedAction;Ljava/security/AccessControlContext;)Ljava/lang/Object;+6
j  java.awt.EventQueue$4.run()Ljava/lang/Void;+11
j  java.awt.EventQueue$4.run()Ljava/lang/Object;+1
v  ~StubRoutines::call_stub
j  java.security.AccessController.doPrivileged(Ljava/security/PrivilegedAction;Ljava/security/AccessControlContext;)Ljava/lang/Object;+0
j  java.security.ProtectionDomain$1.doIntersectionPrivilege(Ljava/security/PrivilegedAction;Ljava/security/AccessControlContext;Ljava/security/AccessControlContext;)Ljava/lang/Object;+28
j  java.awt.EventQueue.dispatchEvent(Ljava/awt/AWTEvent;)V+73
j  java.awt.EventDispatchThread.pumpOneEventForFilters(I)V+245
j  java.awt.EventDispatchThread.pumpEventsForFilter(ILjava/awt/Conditional;Ljava/awt/EventFilter;)V+35
j  java.awt.EventDispatchThread.pumpEventsForHierarchy(ILjava/awt/Conditional;Ljava/awt/Component;)V+11
j  java.awt.EventDispatchThread.pumpEvents(ILjava/awt/Conditional;)V+4
j  java.awt.EventDispatchThread.pumpEvents(Ljava/awt/Conditional;)V+3
j  java.awt.EventDispatchThread.run()V+9
v  ~StubRoutines::call_stub

---------------  P R O C E S S  ---------------

Java Threads: ( => current thread )
  0x000000000d267800 JavaThread "Image Fetcher 1" daemon [_thread_blocked, id=1056, stack(0x000000000ebc0000,0x000000000ecc0000)]
  0x000000000d31f000 JavaThread "TimerQueue" daemon [_thread_blocked, id=7360, stack(0x000000000e9b0000,0x000000000eab0000)]
  0x000000000d1f5800 JavaThread "Image Fetcher 0" daemon [_thread_blocked, id=4192, stack(0x000000000e3f0000,0x000000000e4f0000)]
  0x000000000d141000 JavaThread "org.netbeans.modules.debugger.jpda.visual AWT Access Loop" daemon [_thread_blocked, id=15328, stack(0x000000000e2f0000,0x000000000e3f0000)]
  0x0000000002d3e800 JavaThread "DestroyJavaVM" [_thread_blocked, id=9812, stack(0x0000000002bb0000,0x0000000002cb0000)]
=>0x000000000d135000 JavaThread "AWT-EventQueue-0" [_thread_in_vm, id=17560, stack(0x000000000e1f0000,0x000000000e2f0000)]
  0x000000000d4ca800 JavaThread "AWT-Windows" daemon [_thread_in_native, id=8372, stack(0x000000000dbd0000,0x000000000dcd0000)]
  0x000000000d4c7800 JavaThread "AWT-Shutdown" [_thread_blocked, id=15556, stack(0x000000000dad0000,0x000000000dbd0000)]
  0x000000000d4c6800 JavaThread "Java2D Disposer" daemon [_thread_blocked, id=4520, stack(0x000000000d9d0000,0x000000000dad0000)]
  0x000000000b197800 JavaThread "Service Thread" daemon [_thread_blocked, id=2252, stack(0x000000000cbd0000,0x000000000ccd0000)]
  0x000000000b196000 JavaThread "C2 CompilerThread1" daemon [_thread_in_native, id=12192, stack(0x000000000cad0000,0x000000000cbd0000)]
  0x000000000b17f000 JavaThread "C2 CompilerThread0" daemon [_thread_in_native, id=6516, stack(0x000000000c9d0000,0x000000000cad0000)]
  0x000000000b16d800 JavaThread "JDWP Command Reader" daemon [_thread_in_native, id=11156, stack(0x000000000c8d0000,0x000000000c9d0000)]
  0x000000000b16a800 JavaThread "JDWP Event Helper Thread" daemon [_thread_blocked, id=12028, stack(0x000000000c7d0000,0x000000000c8d0000)]
  0x000000000b167800 JavaThread "JDWP Transport Listener: dt_shmem" daemon [_thread_blocked, id=9476, stack(0x000000000c6d0000,0x000000000c7d0000)]
  0x000000000b132000 JavaThread "Attach Listener" daemon [_thread_blocked, id=14140, stack(0x000000000c5d0000,0x000000000c6d0000)]
  0x000000000b12f000 JavaThread "Signal Dispatcher" daemon [_thread_blocked, id=12316, stack(0x000000000c4d0000,0x000000000c5d0000)]
  0x000000000b120000 JavaThread "Finalizer" daemon [_thread_blocked, id=384, stack(0x000000000c3d0000,0x000000000c4d0000)]
  0x000000000b114800 JavaThread "Reference Handler" daemon [_thread_blocked, id=13664, stack(0x000000000c2d0000,0x000000000c3d0000)]

Other Threads:
  0x000000000b112000 VMThread [stack: 0x000000000c1d0000,0x000000000c2d0000] [id=12020]
  0x000000000b1a0800 WatcherThread [stack: 0x000000000ccd0000,0x000000000cdd0000] [id=15572]

VM state:not at safepoint (normal execution)

VM Mutex/Monitor currently owned by a thread: None

Heap
 PSYoungGen      total 38400K, used 31044K [0x00000007d5c80000, 0x00000007d8700000, 0x0000000800000000)
  eden space 33280K, 78% used [0x00000007d5c80000,0x00000007d760da00,0x00000007d7d00000)
  from space 5120K, 95% used [0x00000007d7d00000,0x00000007d81c3678,0x00000007d8200000)
  to   space 5120K, 0% used [0x00000007d8200000,0x00000007d8200000,0x00000007d8700000)
 ParOldGen       total 86016K, used 8K [0x0000000781600000, 0x0000000786a00000, 0x00000007d5c80000)
  object space 86016K, 0% used [0x0000000781600000,0x0000000781602000,0x0000000786a00000)
 PSPermGen       total 21504K, used 16740K [0x000000077c400000, 0x000000077d900000, 0x0000000781600000)
  object space 21504K, 77% used [0x000000077c400000,0x000000077d459010,0x000000077d900000)

Card table byte_map: [0x0000000005f00000,0x0000000006320000] byte_map_base: 0x000000000231e000

Polling page: 0x0000000002b20000

Code Cache  [0x0000000002e40000, 0x00000000030b0000, 0x0000000005e40000)
 total_blobs=677 nmethods=202 adapters=435 free_code_cache=48070Kb largest_free_block=49197696

Compilation events (10 events):
Event: 12.013 Thread 0x000000000b196000  210             java.util.HashMap$Entry::getValue (5 bytes)
Event: 12.013 Thread 0x000000000b196000 nmethod 210 0x0000000002f4b350 code [0x0000000002f4b480, 0x0000000002f4b4f8]
Event: 12.023 Thread 0x000000000b17f000  211             java.util.Arrays::copyOf (19 bytes)
Event: 12.025 Thread 0x000000000b17f000 nmethod 211 0x0000000002f4a1d0 code [0x0000000002f4a320, 0x0000000002f4a4b8]
Event: 12.030 Thread 0x000000000b196000  212             sun.security.provider.ByteArrayAccess::b2iBig64 (586 bytes)
Event: 12.032 Thread 0x000000000b196000 nmethod 212 0x0000000002f49dd0 code [0x0000000002f49f00, 0x0000000002f4a118]
Event: 12.045 Thread 0x000000000b17f000  213             java.util.Hashtable::rehash (168 bytes)
Event: 12.051 Thread 0x000000000b17f000 nmethod 213 0x0000000002f4c350 code [0x0000000002f4c4e0, 0x0000000002f4ca08]
Event: 12.051 Thread 0x000000000b196000  214 %           com.sun.crypto.provider.AESCrypt::<clinit> @ 724 (1577 bytes)
Event: 12.132 Thread 0x000000000b17f000  215             sun.net.www.ParseUtil::encodePath (336 bytes)

GC Heap History (2 events):
Event: 9.229 GC heap before
{Heap before GC invocations=1 (full 0):
 PSYoungGen      total 38400K, used 33280K [0x00000007d5c80000, 0x00000007d8700000, 0x0000000800000000)
  eden space 33280K, 100% used [0x00000007d5c80000,0x00000007d7d00000,0x00000007d7d00000)
  from space 5120K, 0% used [0x00000007d8200000,0x00000007d8200000,0x00000007d8700000)
  to   space 5120K, 0% used [0x00000007d7d00000,0x00000007d7d00000,0x00000007d8200000)
 ParOldGen       total 86016K, used 0K [0x0000000781600000, 0x0000000786a00000, 0x00000007d5c80000)
  object space 86016K, 0% used [0x0000000781600000,0x0000000781600000,0x0000000786a00000)
 PSPermGen       total 21504K, used 13530K [0x000000077c400000, 0x000000077d900000, 0x0000000781600000)
  object space 21504K, 62% used [0x000000077c400000,0x000000077d1368b0,0x000000077d900000)
Event: 9.246 GC heap after
Heap after GC invocations=1 (full 0):
 PSYoungGen      total 38400K, used 4877K [0x00000007d5c80000, 0x00000007d8700000, 0x0000000800000000)
  eden space 33280K, 0% used [0x00000007d5c80000,0x00000007d5c80000,0x00000007d7d00000)
  from space 5120K, 95% used [0x00000007d7d00000,0x00000007d81c3678,0x00000007d8200000)
  to   space 5120K, 0% used [0x00000007d8200000,0x00000007d8200000,0x00000007d8700000)
 ParOldGen       total 86016K, used 8K [0x0000000781600000, 0x0000000786a00000, 0x00000007d5c80000)
  object space 86016K, 0% used [0x0000000781600000,0x0000000781602000,0x0000000786a00000)
 PSPermGen       total 21504K, used 13530K [0x000000077c400000, 0x000000077d900000, 0x0000000781600000)
  object space 21504K, 62% used [0x000000077c400000,0x000000077d1368b0,0x000000077d900000)
}

Deoptimization events (10 events):
Event: 7.678 Thread 0x000000000d135000 Uncommon trap: reason=class_check action=maybe_recompile pc=0x0000000002f057f4 method=java.util.ArrayList.indexOf(Ljava/lang/Object;)I @ 51
Event: 9.334 Thread 0x000000000d135000 Uncommon trap: reason=class_check action=maybe_recompile pc=0x0000000002ec6480 method=java.lang.String.equals(Ljava/lang/Object;)Z @ 8
Event: 9.334 Thread 0x000000000d135000 Uncommon trap: reason=class_check action=maybe_recompile pc=0x0000000002ec6480 method=java.lang.String.equals(Ljava/lang/Object;)Z @ 8
Event: 9.334 Thread 0x000000000d135000 Uncommon trap: reason=class_check action=maybe_recompile pc=0x0000000002ec6480 method=java.lang.String.equals(Ljava/lang/Object;)Z @ 8
Event: 9.334 Thread 0x000000000d135000 Uncommon trap: reason=class_check action=maybe_recompile pc=0x0000000002ec6480 method=java.lang.String.equals(Ljava/lang/Object;)Z @ 8
Event: 11.677 Thread 0x000000000d135000 Uncommon trap: reason=null_check action=make_not_entrant pc=0x0000000002efc9f8 method=java.util.jar.Attributes.putValue(Ljava/lang/String;Ljava/lang/String;)Ljava/lang/String; @ 13
Event: 11.869 Thread 0x000000000d135000 Uncommon trap: reason=class_check action=maybe_recompile pc=0x0000000002f341f4 method=java.util.HashMap.put(Ljava/lang/Object;Ljava/lang/Object;)Ljava/lang/Object; @ 105
Event: 11.869 Thread 0x000000000d135000 Uncommon trap: reason=class_check action=maybe_recompile pc=0x0000000002f341f4 method=java.util.HashMap.put(Ljava/lang/Object;Ljava/lang/Object;)Ljava/lang/Object; @ 105
Event: 11.958 Thread 0x000000000d135000 Uncommon trap: reason=unreached action=reinterpret pc=0x0000000002eafda0 method=java.lang.String.valueOf(Ljava/lang/Object;)Ljava/lang/String; @ 1
Event: 12.132 Thread 0x000000000d135000 Uncommon trap: reason=unreached action=reinterpret pc=0x0000000002f45928 method=java.util.Arrays.equals([B[B)Z @ 12

Internal exceptions (10 events):
Event: 11.849 Thread 0x000000000d135000 Threw 0x00000007d6ee9e50 at C:\jdk7u2_64p\jdk7u40\hotspot\src\share\vm\prims\jvm.cpp:1244
Event: 11.891 Thread 0x000000000d135000 Threw 0x00000007d7049638 at C:\jdk7u2_64p\jdk7u40\hotspot\src\share\vm\prims\jvm.cpp:1244
Event: 11.892 Thread 0x000000000d135000 Threw 0x00000007d704e4e8 at C:\jdk7u2_64p\jdk7u40\hotspot\src\share\vm\prims\jvm.cpp:1244
Event: 11.893 Thread 0x000000000d135000 Threw 0x00000007d70545a8 at C:\jdk7u2_64p\jdk7u40\hotspot\src\share\vm\prims\jvm.cpp:1244
Event: 11.894 Thread 0x000000000d135000 Threw 0x00000007d705a2e0 at C:\jdk7u2_64p\jdk7u40\hotspot\src\share\vm\prims\jvm.cpp:1244
Event: 11.895 Thread 0x000000000d135000 Threw 0x00000007d705f038 at C:\jdk7u2_64p\jdk7u40\hotspot\src\share\vm\prims\jvm.cpp:1244
Event: 11.898 Thread 0x000000000d135000 Threw 0x00000007d706d448 at C:\jdk7u2_64p\jdk7u40\hotspot\src\share\vm\prims\jvm.cpp:1244
Event: 12.132 Thread 0x000000000d135000 Implicit null exception at 0x0000000002f457d8 to 0x0000000002f45915
Event: 12.139 Thread 0x000000000d135000 Threw 0x00000007d75ea058 at C:\jdk7u2_64p\jdk7u40\hotspot\src\share\vm\prims\jvm.cpp:1244
Event: 12.141 Thread 0x000000000d135000 Threw 0x00000007d75efd30 at C:\jdk7u2_64p\jdk7u40\hotspot\src\share\vm\prims\jvm.cpp:1244

Events (10 events):
Event: 12.133 loading class 0x0000000002d89080
Event: 12.133 loading class 0x0000000002d89080 done
Event: 12.134 loading class 0x000000000ce32510
Event: 12.134 loading class 0x000000000ce32510 done
Event: 12.139 loading class 0x000000000d91d850
Event: 12.139 loading class 0x000000000d91d850 done
Event: 12.141 loading class 0x000000000d116520
Event: 12.141 loading class 0x000000000d116520 done
Event: 12.142 loading class 0x0000000002d94e60
Event: 12.142 loading class 0x0000000002d94e60 done


Dynamic libraries:
0x00007ff747f10000 - 0x00007ff747f43000 	C:\Program Files\Java\jdk1.7.0_40\bin\java.exe
0x00007ffa7f410000 - 0x00007ffa7f5ba000 	C:\Windows\SYSTEM32\ntdll.dll
0x00007ffa7e820000 - 0x00007ffa7e95a000 	C:\Windows\system32\KERNEL32.DLL
0x00007ffa7c900000 - 0x00007ffa7ca0f000 	C:\Windows\system32\KERNELBASE.dll
0x00007ffa7b350000 - 0x00007ffa7b3d8000 	C:\Windows\system32\apphelp.dll
0x00007ffa653b0000 - 0x00007ffa653ff000 	C:\Windows\AppPatch\AppPatch64\AcGenral.DLL
0x00007ffa7ce70000 - 0x00007ffa7cf17000 	C:\Windows\system32\msvcrt.dll
0x00007ffa7c5f0000 - 0x00007ffa7c61b000 	C:\Windows\SYSTEM32\SspiCli.dll
0x00007ffa7ee20000 - 0x00007ffa7ee71000 	C:\Windows\system32\SHLWAPI.dll
0x00007ffa7efa0000 - 0x00007ffa7f111000 	C:\Windows\system32\USER32.dll
0x00007ffa7eca0000 - 0x00007ffa7ee18000 	C:\Windows\system32\ole32.dll
0x00007ffa7d400000 - 0x00007ffa7e820000 	C:\Windows\system32\SHELL32.dll
0x00007ffa7bdd0000 - 0x00007ffa7bdee000 	C:\Windows\SYSTEM32\USERENV.dll
0x00007ffa7f1c0000 - 0x00007ffa7f265000 	C:\Windows\system32\ADVAPI32.dll
0x00007ffa74570000 - 0x00007ffa7458b000 	C:\Windows\SYSTEM32\MPR.dll
0x00007ffa7f2d0000 - 0x00007ffa7f406000 	C:\Windows\system32\RPCRT4.dll
0x00007ffa7d0b0000 - 0x00007ffa7d107000 	C:\Windows\SYSTEM32\sechost.dll
0x00007ffa7eac0000 - 0x00007ffa7ec96000 	C:\Windows\SYSTEM32\combase.dll
0x00007ffa7e970000 - 0x00007ffa7eab4000 	C:\Windows\system32\GDI32.dll
0x00007ffa7c780000 - 0x00007ffa7c794000 	C:\Windows\SYSTEM32\profapi.dll
0x00007ffa7b020000 - 0x00007ffa7b0bf000 	C:\Windows\SYSTEM32\SHCORE.dll
0x00007ffa7d040000 - 0x00007ffa7d074000 	C:\Windows\system32\IMM32.DLL
0x00007ffa7d110000 - 0x00007ffa7d249000 	C:\Windows\system32\MSCTF.dll
0x00007ffa7c730000 - 0x00007ffa7c761000 	C:\Windows\system32\nvinitx.dll
0x000000000f000000 - 0x000000000f006000 	C:\Program Files\NVIDIA Corporation\CoProcManager\_etoured.dll
0x00007ffa7b240000 - 0x00007ffa7b26d000 	C:\Program Files\NVIDIA Corporation\CoProcManager\nvd3d9wrapx.dll
0x00007ffa7cc90000 - 0x00007ffa7ce64000 	C:\Windows\system32\SETUPAPI.dll
0x00007ffa7cc40000 - 0x00007ffa7cc8a000 	C:\Windows\system32\CFGMGR32.dll
0x00007ffa7b1e0000 - 0x00007ffa7b202000 	C:\Program Files\NVIDIA Corporation\CoProcManager\nvdxgiwrapx.dll
0x00007ffa7abf0000 - 0x00007ffa7ae4a000 	C:\Windows\WinSxS\amd64_microsoft.windows.common-controls_6595b64144ccf1df_6.0.9600.17031_none_6242a4b3ecbb55a1\COMCTL32.dll
0x00000000616e0000 - 0x00000000617b1000 	C:\Program Files\Java\jdk1.7.0_40\jre\bin\msvcr100.dll
0x00000000617c0000 - 0x0000000061f89000 	C:\Program Files\Java\jdk1.7.0_40\jre\bin\server\jvm.dll
0x00007ffa64bc0000 - 0x00007ffa64bc9000 	C:\Windows\SYSTEM32\WSOCK32.dll
0x00007ffa7a260000 - 0x00007ffa7a27f000 	C:\Windows\SYSTEM32\WINMM.dll
0x00007ffa7d0a0000 - 0x00007ffa7d0a7000 	C:\Windows\system32\PSAPI.DLL
0x00007ffa7f270000 - 0x00007ffa7f2c8000 	C:\Windows\system32\WS2_32.dll
0x00007ffa7a220000 - 0x00007ffa7a24a000 	C:\Windows\SYSTEM32\WINMMBASE.dll
0x00007ffa7cfd0000 - 0x00007ffa7cfd9000 	C:\Windows\system32\NSI.dll
0x00007ffa7b710000 - 0x00007ffa7b736000 	C:\Windows\SYSTEM32\DEVOBJ.dll
0x0000000062740000 - 0x000000006274f000 	C:\Program Files\Java\jdk1.7.0_40\jre\bin\verify.dll
0x0000000061670000 - 0x0000000061698000 	C:\Program Files\Java\jdk1.7.0_40\jre\bin\java.dll
0x00000000612c0000 - 0x00000000612f5000 	C:\Program Files\Java\jdk1.7.0_40\jre\bin\jdwp.dll
0x00000000612b0000 - 0x00000000612b8000 	C:\Program Files\Java\jdk1.7.0_40\jre\bin\npt.dll
0x0000000061650000 - 0x0000000061665000 	C:\Program Files\Java\jdk1.7.0_40\jre\bin\zip.dll
0x0000000061300000 - 0x000000006130b000 	C:\Program Files\Java\jdk1.7.0_40\jre\bin\dt_shmem.dll
0x0000000061470000 - 0x0000000061605000 	C:\Program Files\Java\jdk1.7.0_40\jre\bin\awt.dll
0x00007ffa7eee0000 - 0x00007ffa7ef97000 	C:\Windows\system32\OLEAUT32.dll
0x00007ffa7b4d0000 - 0x00007ffa7b5f1000 	C:\Windows\system32\uxtheme.dll
0x00007ffa7ae50000 - 0x00007ffa7ae70000 	C:\Windows\system32\dwmapi.dll
0x00007ffa7b440000 - 0x00007ffa7b44a000 	C:\Windows\SYSTEM32\kernel.appcore.dll
0x00007ffa7c680000 - 0x00007ffa7c68a000 	C:\Windows\SYSTEM32\CRYPTBASE.dll
0x00007ffa7c620000 - 0x00007ffa7c680000 	C:\Windows\SYSTEM32\bcryptPrimitives.dll
0x0000000061430000 - 0x000000006146f000 	C:\Program Files\Java\jdk1.7.0_40\jre\bin\fontmanager.dll
0x0000000061630000 - 0x0000000061649000 	C:\Program Files\Java\jdk1.7.0_40\jre\bin\net.dll
0x00007ffa7c070000 - 0x00007ffa7c0c8000 	C:\Windows\system32\mswsock.dll
0x0000000061610000 - 0x0000000061621000 	C:\Program Files\Java\jdk1.7.0_40\jre\bin\nio.dll
0x00007ffa7cf20000 - 0x00007ffa7cfc4000 	C:\Windows\SYSTEM32\clbcatq.dll
0x00007ffa76320000 - 0x00007ffa764b3000 	C:\Windows\SYSTEM32\WindowsCodecs.dll
0x00007ffa7c0d0000 - 0x00007ffa7c0ee000 	C:\Windows\SYSTEM32\CRYPTSP.dll
0x00007ffa7bcc0000 - 0x00007ffa7bcf5000 	C:\Windows\system32\rsaenh.dll
0x00007ffa7c320000 - 0x00007ffa7c346000 	C:\Windows\SYSTEM32\bcrypt.dll
0x00000000613e0000 - 0x0000000061421000 	C:\Program Files\Java\jdk1.7.0_40\jre\bin\t2k.dll
0x00007ffa7be80000 - 0x00007ffa7bf23000 	C:\Windows\SYSTEM32\DNSAPI.dll
0x00007ffa6a570000 - 0x00007ffa6a579000 	C:\Windows\System32\rasadhlp.dll
0x00007ffa76da0000 - 0x00007ffa76dc9000 	C:\Windows\SYSTEM32\IPHLPAPI.DLL
0x00007ffa76d90000 - 0x00007ffa76d9a000 	C:\Windows\SYSTEM32\WINNSI.DLL
0x00007ffa76610000 - 0x00007ffa76678000 	C:\Windows\System32\fwpuclnt.dll
0x00000000611d0000 - 0x00000000611f4000 	C:\Program Files\Java\jdk1.7.0_40\jre\bin\sunec.dll
0x00007ffa596d0000 - 0x00007ffa596e4000 	C:\Windows\system32\napinsp.dll
0x00007ffa60fa0000 - 0x00007ffa60fb9000 	C:\Windows\system32\pnrpnsp.dll
0x00007ffa77370000 - 0x00007ffa77389000 	C:\Windows\system32\NLAapi.dll
0x00007ffa596c0000 - 0x00007ffa596cc000 	C:\Windows\System32\winrnr.dll
0x00007ffa596a0000 - 0x00007ffa596b3000 	C:\Windows\system32\wshbth.dll
0x00000000611c0000 - 0x00000000611cb000 	C:\Program Files\Java\jdk1.7.0_40\jre\bin\sunmscapi.dll
0x00007ffa7ca10000 - 0x00007ffa7cbe7000 	C:\Windows\system32\CRYPT32.dll
0x00007ffa7c830000 - 0x00007ffa7c842000 	C:\Windows\system32\MSASN1.dll
0x00000000611a0000 - 0x00000000611b7000 	C:\Windows\System32\sqljdbc_auth.dll
0x00007ffa74560000 - 0x00007ffa7456b000 	C:\Windows\system32\secur32.dll
0x00007ffa7c0f0000 - 0x00007ffa7c1db000 	C:\Windows\system32\kerberos.DLL
0x00007ffa7c1e0000 - 0x00007ffa7c1f8000 	C:\Windows\SYSTEM32\cryptdll.dll
0x00007ffa7c000000 - 0x00007ffa7c068000 	C:\Windows\system32\msv1_0.DLL
0x00007ffa77260000 - 0x00007ffa77288000 	C:\Windows\system32\ntdsapi.dll
0x00007ffa54000000 - 0x00007ffa54188000 	C:\Windows\SYSTEM32\dbghelp.dll

VM Arguments:
jvm_args: -Xdebug -Xrunjdwp:transport=dt_shmem,address=javadebug -Dfile.encoding=UTF-8 
java_command: GUI.FrmLogin
Launcher Type: SUN_STANDARD

Environment Variables:
PATH=C:\Program Files (x86)\NVIDIA Corporation\PhysX\Common;C:\Windows\system32;C:\Windows;C:\Windows\System32\Wbem;C:\Windows\System32\WindowsPowerShell\v1.0\;C:\Program Files (x86)\Windows Kits\8.1\Windows Performance Toolkit\;C:\Program Files\Microsoft SQL Server\110\Tools\Binn\;C:\Program Files\Microsoft SQL Server\110\DTS\Binn\;C:\Program Files (x86)\Microsoft SQL Server\110\Tools\Binn\;C:\Program Files (x86)\Microsoft SQL Server\110\Tools\Binn\ManagementStudio\;C:\Program Files (x86)\Microsoft Visual Studio 10.0\Common7\IDE\PrivateAssemblies\;C:\Program Files (x86)\Microsoft SQL Server\110\DTS\Binn\;C:\Program Files (x86)\Git\cmd
USERNAME=Hung
OS=Windows_NT
PROCESSOR_IDENTIFIER=Intel64 Family 6 Model 42 Stepping 7, GenuineIntel



---------------  S Y S T E M  ---------------

OS: Windows 8 , 64 bit Build 9200 

CPU:total 4 (2 cores per cpu, 2 threads per core) family 6 model 42 stepping 7, cmov, cx8, fxsr, mmx, sse, sse2, sse3, ssse3, sse4.1, sse4.2, popcnt, avx, aes, ht, tsc, tscinvbit

Memory: 4k page, physical 8293548k(4459552k free), swap 16682156k(10922632k free)

vm_info: Java HotSpot(TM) 64-Bit Server VM (24.0-b56) for windows-amd64 JRE (1.7.0_40-b43), built on Aug 26 2013 22:38:32 by "java_re" with unknown MS VC++:1600

time: Thu Jun 26 11:11:27 2014
elapsed time: 12 seconds

