#
# A fatal error has been detected by the Java Runtime Environment:
#
#  EXCEPTION_ACCESS_VIOLATION (0xc0000005) at pc=0x00000000618dee11, pid=13792, tid=6992
#
# JRE version: Java(TM) SE Runtime Environment (7.0_40-b43) (build 1.7.0_40-b43)
# Java VM: Java HotSpot(TM) 64-Bit Server VM (24.0-b56 mixed mode windows-amd64 compressed oops)
# Problematic frame:
# V  [jvm.dll+0x11ee11]
#
# Failed to write core dump. Minidumps are not enabled by default on client versions of Windows
#
# If you would like to submit a bug report, please visit:
#   http://bugreport.sun.com/bugreport/crash.jsp
#

---------------  T H R E A D  ---------------

Current thread (0x000000000d650800):  JavaThread "AWT-EventQueue-0" [_thread_in_vm, id=6992, stack(0x000000000e4a0000,0x000000000e5a0000)]

siginfo: ExceptionCode=0xc0000005, reading address 0xffffffffffffffff

Registers:
RAX=0x0000000000000000, RBX=0x000000000d650800, RCX=0x0000000000000080, RDX=0x6800000007d60cc5
RSP=0x000000000e59c5d0, RBP=0x000000000e59c720, RSI=0x000000000d6509e8, RDI=0x000000000e59c939
R8 =0xffffffff9ed4ea28, R9 =0x00000000612b1607, R10=0x000000000000002f, R11=0x000000000000002f
R12=0x0000000000000000, R13=0x000000000e59c938, R14=0x000000000e59c968, R15=0x000000000e59c970
RIP=0x00000000618dee11, EFLAGS=0x0000000000010202

Top of Stack: (sp=0x000000000e59c5d0)
0x000000000e59c5d0:   00000000612b15d8 000000000d650800
0x000000000e59c5e0:   000000000e59c720 000000000d6b7700
0x000000000e59c5f0:   000000000d650800 0000000000000000
0x000000000e59c600:   000000000d652c18 000000020000000b
0x000000000e59c610:   000000000e59c939 00000000612b3634
0x000000000e59c620:   000000000d6509e8 000000000e59c720
0x000000000e59c630:   000000000b681680 0000000000000000
0x000000000e59c640:   0000000000000000 0000000000000000
0x000000000e59c650:   0000000000000000 0000000000000000
0x000000000e59c660:   0000000000000000 0000000000000000
0x000000000e59c670:   0000000000000000 0000000000000000
0x000000000e59c680:   0000000000000000 0000000000000000
0x000000000e59c690:   0000000000000000 00000000034b0e97
0x000000000e59c6a0:   00000000034b11a0 0000000000000000
0x000000000e59c6b0:   0000000000000000 000000000e59c938
0x000000000e59c6c0:   000000000e59c950 0000000000000000 

Instructions: (pc=0x00000000618dee11)
0x00000000618dedf1:   c7 44 24 28 00 00 00 00 74 0a 48 8d 4c 24 20 e8
0x00000000618dee01:   3b bd 10 00 80 3d 2c be 62 00 00 48 8b 17 74 15
0x00000000618dee11:   8b 52 08 8b 0d 9e ca 5c 00 48 d3 e2 48 03 15 8c
0x00000000618dee21:   ca 5c 00 eb 04 48 8b 52 08 48 8b 52 78 48 8b ce 


Register to memory mapping:

RAX=0x0000000000000000 is an unknown value
RBX=0x000000000d650800 is a thread
RCX=0x0000000000000080 is an unknown value
RDX=0x6800000007d60cc5 is an unknown value
RSP=0x000000000e59c5d0 is pointing into the stack for thread: 0x000000000d650800
RBP=0x000000000e59c720 is pointing into the stack for thread: 0x000000000d650800
RSI=0x000000000d6509e8 is an unknown value
RDI=0x000000000e59c939 is pointing into the stack for thread: 0x000000000d650800
R8 =0xffffffff9ed4ea28 is an unknown value
R9 =0x00000000612b1607 is an unknown value
R10=0x000000000000002f is an unknown value
R11=0x000000000000002f is an unknown value
R12=0x0000000000000000 is an unknown value
R13=0x000000000e59c938 is pointing into the stack for thread: 0x000000000d650800
R14=0x000000000e59c968 is pointing into the stack for thread: 0x000000000d650800
R15=0x000000000e59c970 is pointing into the stack for thread: 0x000000000d650800


Stack: [0x000000000e4a0000,0x000000000e5a0000],  sp=0x000000000e59c5d0,  free space=1009k
Native frames: (J=compiled Java code, j=interpreted, Vv=VM code, C=native code)
V  [jvm.dll+0x11ee11]

Java frames: (J=compiled Java code, j=interpreted, Vv=VM code)
j  com.microsoft.sqlserver.jdbc.AuthenticationJNI.SNISecGenClientContext([B[I[BI[B[I[ZLjava/lang/String;Ljava/lang/String;Ljava/lang/String;Ljava/util/logging/Logger;)I+0
j  com.microsoft.sqlserver.jdbc.AuthenticationJNI.GenerateClientContext([BI[B[I[Z)I+24
j  com.microsoft.sqlserver.jdbc.SQLServerConnection.SSPIData([B[B[I[ZLcom/microsoft/sqlserver/jdbc/AuthenticationJNI;)V+13
j  com.microsoft.sqlserver.jdbc.SQLServerConnection.sendLogon(Lcom/microsoft/sqlserver/jdbc/SQLServerConnection$LogonCommand;Lcom/microsoft/sqlserver/jdbc/AuthenticationJNI;)V+155
j  com.microsoft.sqlserver.jdbc.SQLServerConnection.logon(Lcom/microsoft/sqlserver/jdbc/SQLServerConnection$LogonCommand;)V+20
j  com.microsoft.sqlserver.jdbc.SQLServerConnection.access$000(Lcom/microsoft/sqlserver/jdbc/SQLServerConnection;Lcom/microsoft/sqlserver/jdbc/SQLServerConnection$LogonCommand;)V+2
j  com.microsoft.sqlserver.jdbc.SQLServerConnection$LogonCommand.doExecute()Z+5
j  com.microsoft.sqlserver.jdbc.TDSCommand.execute(Lcom/microsoft/sqlserver/jdbc/TDSWriter;Lcom/microsoft/sqlserver/jdbc/TDSReader;)Z+11
j  com.microsoft.sqlserver.jdbc.SQLServerConnection.executeCommand(Lcom/microsoft/sqlserver/jdbc/TDSCommand;)Z+37
j  com.microsoft.sqlserver.jdbc.SQLServerConnection.connectHelper(Ljava/lang/String;III)V+250
j  com.microsoft.sqlserver.jdbc.SQLServerConnection.loginWithoutFailover(Ljava/lang/String;Ljava/lang/String;IIJ)V+270
j  com.microsoft.sqlserver.jdbc.SQLServerConnection.connect(Ljava/util/Properties;Lcom/microsoft/sqlserver/jdbc/SQLServerPooledConnection;)Ljava/sql/Connection;+2276
j  com.microsoft.sqlserver.jdbc.SQLServerDriver.connect(Ljava/lang/String;Ljava/util/Properties;)Ljava/sql/Connection;+50
j  java.sql.DriverManager.getConnection(Ljava/lang/String;Ljava/util/Properties;Ljava/lang/Class;)Ljava/sql/Connection;+172
j  java.sql.DriverManager.getConnection(Ljava/lang/String;)Ljava/sql/Connection;+13
j  GUI.FrmProperties.btnConnectActionPerformed(Ljava/awt/event/ActionEvent;)V+107
j  GUI.FrmProperties.access$200(LGUI/FrmProperties;Ljava/awt/event/ActionEvent;)V+2
j  GUI.FrmProperties$3.actionPerformed(Ljava/awt/event/ActionEvent;)V+5
j  javax.swing.AbstractButton.fireActionPerformed(Ljava/awt/event/ActionEvent;)V+84
j  javax.swing.AbstractButton$Handler.actionPerformed(Ljava/awt/event/ActionEvent;)V+5
j  javax.swing.DefaultButtonModel.fireActionPerformed(Ljava/awt/event/ActionEvent;)V+35
j  javax.swing.DefaultButtonModel.setPressed(Z)V+117
j  javax.swing.plaf.basic.BasicButtonListener.mouseReleased(Ljava/awt/event/MouseEvent;)V+35
j  java.awt.Component.processMouseEvent(Ljava/awt/event/MouseEvent;)V+64
j  javax.swing.JComponent.processMouseEvent(Ljava/awt/event/MouseEvent;)V+23
j  java.awt.Component.processEvent(Ljava/awt/AWTEvent;)V+81
j  java.awt.Container.processEvent(Ljava/awt/AWTEvent;)V+18
j  java.awt.Component.dispatchEventImpl(Ljava/awt/AWTEvent;)V+581
j  java.awt.Container.dispatchEventImpl(Ljava/awt/AWTEvent;)V+42
j  java.awt.Component.dispatchEvent(Ljava/awt/AWTEvent;)V+2
j  java.awt.LightweightDispatcher.retargetMouseEvent(Ljava/awt/Component;ILjava/awt/event/MouseEvent;)V+327
j  java.awt.LightweightDispatcher.processMouseEvent(Ljava/awt/event/MouseEvent;)Z+139
j  java.awt.LightweightDispatcher.dispatchEvent(Ljava/awt/AWTEvent;)Z+50
j  java.awt.Container.dispatchEventImpl(Ljava/awt/AWTEvent;)V+12
j  java.awt.Window.dispatchEventImpl(Ljava/awt/AWTEvent;)V+19
j  java.awt.Component.dispatchEvent(Ljava/awt/AWTEvent;)V+2
j  java.awt.EventQueue.dispatchEventImpl(Ljava/awt/AWTEvent;Ljava/lang/Object;)V+41
j  java.awt.EventQueue.access$200(Ljava/awt/EventQueue;Ljava/awt/AWTEvent;Ljava/lang/Object;)V+3
j  java.awt.EventQueue$3.run()Ljava/lang/Void;+12
j  java.awt.EventQueue$3.run()Ljava/lang/Object;+1
v  ~StubRoutines::call_stub
j  java.security.AccessController.doPrivileged(Ljava/security/PrivilegedAction;Ljava/security/AccessControlContext;)Ljava/lang/Object;+0
j  java.security.ProtectionDomain$1.doIntersectionPrivilege(Ljava/security/PrivilegedAction;Ljava/security/AccessControlContext;Ljava/security/AccessControlContext;)Ljava/lang/Object;+28
j  java.security.ProtectionDomain$1.doIntersectionPrivilege(Ljava/security/PrivilegedAction;Ljava/security/AccessControlContext;)Ljava/lang/Object;+6
j  java.awt.EventQueue$4.run()Ljava/lang/Void;+11
j  java.awt.EventQueue$4.run()Ljava/lang/Object;+1
v  ~StubRoutines::call_stub
j  java.security.AccessController.doPrivileged(Ljava/security/PrivilegedAction;Ljava/security/AccessControlContext;)Ljava/lang/Object;+0
j  java.security.ProtectionDomain$1.doIntersectionPrivilege(Ljava/security/PrivilegedAction;Ljava/security/AccessControlContext;Ljava/security/AccessControlContext;)Ljava/lang/Object;+28
j  java.awt.EventQueue.dispatchEvent(Ljava/awt/AWTEvent;)V+73
j  java.awt.EventDispatchThread.pumpOneEventForFilters(I)V+245
j  java.awt.EventDispatchThread.pumpEventsForFilter(ILjava/awt/Conditional;Ljava/awt/EventFilter;)V+35
j  java.awt.EventDispatchThread.pumpEventsForHierarchy(ILjava/awt/Conditional;Ljava/awt/Component;)V+11
j  java.awt.EventDispatchThread.pumpEvents(ILjava/awt/Conditional;)V+4
j  java.awt.EventDispatchThread.pumpEvents(Ljava/awt/Conditional;)V+3
j  java.awt.EventDispatchThread.run()V+9
v  ~StubRoutines::call_stub

---------------  P R O C E S S  ---------------

Java Threads: ( => current thread )
  0x000000000d6d5800 JavaThread "TimerQueue" daemon [_thread_blocked, id=18196, stack(0x000000000ec60000,0x000000000ed60000)]
  0x00000000031ed800 JavaThread "DestroyJavaVM" [_thread_blocked, id=17232, stack(0x0000000003260000,0x0000000003360000)]
=>0x000000000d650800 JavaThread "AWT-EventQueue-0" [_thread_in_vm, id=6992, stack(0x000000000e4a0000,0x000000000e5a0000)]
  0x000000000d644800 JavaThread "AWT-Windows" daemon [_thread_in_native, id=7228, stack(0x000000000de50000,0x000000000df50000)]
  0x000000000d641800 JavaThread "AWT-Shutdown" [_thread_blocked, id=4776, stack(0x000000000dd50000,0x000000000de50000)]
  0x000000000d63b800 JavaThread "Java2D Disposer" daemon [_thread_blocked, id=11292, stack(0x000000000dc50000,0x000000000dd50000)]
  0x000000000b6c2800 JavaThread "Service Thread" daemon [_thread_blocked, id=8044, stack(0x000000000ce50000,0x000000000cf50000)]
  0x000000000b694000 JavaThread "C2 CompilerThread1" daemon [_thread_blocked, id=10612, stack(0x000000000cd50000,0x000000000ce50000)]
  0x000000000b692000 JavaThread "C2 CompilerThread0" daemon [_thread_blocked, id=9252, stack(0x000000000cc50000,0x000000000cd50000)]
  0x000000000b691000 JavaThread "Attach Listener" daemon [_thread_blocked, id=11216, stack(0x000000000cb50000,0x000000000cc50000)]
  0x000000000b68e800 JavaThread "Signal Dispatcher" daemon [_thread_blocked, id=11504, stack(0x000000000ca50000,0x000000000cb50000)]
  0x000000000b67f800 JavaThread "Finalizer" daemon [_thread_blocked, id=12504, stack(0x000000000c930000,0x000000000ca30000)]
  0x000000000b674000 JavaThread "Reference Handler" daemon [_thread_blocked, id=8312, stack(0x000000000c830000,0x000000000c930000)]

Other Threads:
  0x000000000b671800 VMThread [stack: 0x000000000c730000,0x000000000c830000] [id=3628]
  0x000000000b6df000 WatcherThread [stack: 0x000000000cf50000,0x000000000d050000] [id=14884]

VM state:not at safepoint (normal execution)

VM Mutex/Monitor currently owned by a thread: None

Heap
 PSYoungGen      total 38400K, used 9534K [0x00000007d5c80000, 0x00000007d8700000, 0x0000000800000000)
  eden space 33280K, 13% used [0x00000007d5c80000,0x00000007d60d6638,0x00000007d7d00000)
  from space 5120K, 99% used [0x00000007d7d00000,0x00000007d81f92b0,0x00000007d8200000)
  to   space 5120K, 0% used [0x00000007d8200000,0x00000007d8200000,0x00000007d8700000)
 ParOldGen       total 86016K, used 1592K [0x0000000781600000, 0x0000000786a00000, 0x00000007d5c80000)
  object space 86016K, 1% used [0x0000000781600000,0x000000078178e250,0x0000000786a00000)
 PSPermGen       total 21504K, used 16574K [0x000000077c400000, 0x000000077d900000, 0x0000000781600000)
  object space 21504K, 77% used [0x000000077c400000,0x000000077d42f880,0x000000077d900000)

Card table byte_map: [0x0000000006460000,0x0000000006880000] byte_map_base: 0x000000000287e000

Polling page: 0x0000000001190000

Code Cache  [0x0000000003460000, 0x00000000036d0000, 0x0000000006460000)
 total_blobs=654 nmethods=171 adapters=435 free_code_cache=48234Kb largest_free_block=49346880

Compilation events (10 events):
Event: 23.603 Thread 0x000000000b694000 nmethod 178% 0x000000000354b750 code [0x000000000354ba80, 0x000000000354e548]
Event: 23.603 Thread 0x000000000b692000 nmethod 181 0x000000000350d990 code [0x000000000350dac0, 0x000000000350dc78]
Event: 23.603 Thread 0x000000000b692000  182             java.math.BigInteger::squareToLen (172 bytes)
Event: 23.604 Thread 0x000000000b694000  183             java.math.BigInteger::primitiveLeftShift (79 bytes)
Event: 23.606 Thread 0x000000000b694000 nmethod 183 0x000000000350d550 code [0x000000000350d680, 0x000000000350d878]
Event: 23.613 Thread 0x000000000b694000  184             java.math.BigInteger::multiplyToLen (219 bytes)
Event: 23.619 Thread 0x000000000b692000 nmethod 182 0x000000000350e790 code [0x000000000350e8e0, 0x000000000350f238]
Event: 23.623 Thread 0x000000000b694000 nmethod 184 0x000000000350dfd0 code [0x000000000350e120, 0x000000000350e5d8]
Event: 23.631 Thread 0x000000000b692000  185             sun.net.www.ParseUtil::encodePath (336 bytes)
Event: 23.655 Thread 0x000000000b692000 nmethod 185 0x0000000003526a10 code [0x0000000003526c40, 0x0000000003527de8]

GC Heap History (2 events):
Event: 23.349 GC heap before
{Heap before GC invocations=1 (full 0):
 PSYoungGen      total 38400K, used 33280K [0x00000007d5c80000, 0x00000007d8700000, 0x0000000800000000)
  eden space 33280K, 100% used [0x00000007d5c80000,0x00000007d7d00000,0x00000007d7d00000)
  from space 5120K, 0% used [0x00000007d8200000,0x00000007d8200000,0x00000007d8700000)
  to   space 5120K, 0% used [0x00000007d7d00000,0x00000007d7d00000,0x00000007d8200000)
 ParOldGen       total 86016K, used 0K [0x0000000781600000, 0x0000000786a00000, 0x00000007d5c80000)
  object space 86016K, 0% used [0x0000000781600000,0x0000000781600000,0x0000000786a00000)
 PSPermGen       total 21504K, used 15934K [0x000000077c400000, 0x000000077d900000, 0x0000000781600000)
  object space 21504K, 74% used [0x000000077c400000,0x000000077d38f950,0x000000077d900000)
Event: 23.373 GC heap after
Heap after GC invocations=1 (full 0):
 PSYoungGen      total 38400K, used 5092K [0x00000007d5c80000, 0x00000007d8700000, 0x0000000800000000)
  eden space 33280K, 0% used [0x00000007d5c80000,0x00000007d5c80000,0x00000007d7d00000)
  from space 5120K, 99% used [0x00000007d7d00000,0x00000007d81f92b0,0x00000007d8200000)
  to   space 5120K, 0% used [0x00000007d8200000,0x00000007d8200000,0x00000007d8700000)
 ParOldGen       total 86016K, used 1592K [0x0000000781600000, 0x0000000786a00000, 0x00000007d5c80000)
  object space 86016K, 1% used [0x0000000781600000,0x000000078178e250,0x0000000786a00000)
 PSPermGen       total 21504K, used 15934K [0x000000077c400000, 0x000000077d900000, 0x0000000781600000)
  object space 21504K, 74% used [0x000000077c400000,0x000000077d38f950,0x000000077d900000)
}

Deoptimization events (10 events):
Event: 6.363 Thread 0x000000000d650800 Uncommon trap: reason=predicate action=maybe_recompile pc=0x0000000003514a7c method=java.util.ArrayList.indexOf(Ljava/lang/Object;)I @ 44
Event: 6.427 Thread 0x000000000d65d000 Uncommon trap: reason=range_check action=make_not_entrant pc=0x000000000350dfd0 method=java.awt.image.DirectColorModel.setFields()V @ 65
Event: 7.877 Thread 0x000000000d650800 Uncommon trap: reason=class_check action=maybe_recompile pc=0x00000000034e2840 method=java.lang.String.equals(Ljava/lang/Object;)Z @ 8
Event: 7.877 Thread 0x000000000d650800 Uncommon trap: reason=class_check action=maybe_recompile pc=0x00000000034e2840 method=java.lang.String.equals(Ljava/lang/Object;)Z @ 8
Event: 7.877 Thread 0x000000000d650800 Uncommon trap: reason=class_check action=maybe_recompile pc=0x00000000034e2840 method=java.lang.String.equals(Ljava/lang/Object;)Z @ 8
Event: 7.878 Thread 0x000000000d650800 Uncommon trap: reason=class_check action=maybe_recompile pc=0x00000000034e2840 method=java.lang.String.equals(Ljava/lang/Object;)Z @ 8
Event: 22.507 Thread 0x000000000d650800 Uncommon trap: reason=null_check action=make_not_entrant pc=0x000000000350acec method=java.util.jar.Attributes.putValue(Ljava/lang/String;Ljava/lang/String;)Ljava/lang/String; @ 13
Event: 22.902 Thread 0x000000000d650800 Uncommon trap: reason=class_check action=maybe_recompile pc=0x0000000003535c44 method=java.util.HashMap.put(Ljava/lang/Object;Ljava/lang/Object;)Ljava/lang/Object; @ 105
Event: 22.903 Thread 0x000000000d650800 Uncommon trap: reason=class_check action=maybe_recompile pc=0x0000000003535c44 method=java.util.HashMap.put(Ljava/lang/Object;Ljava/lang/Object;)Ljava/lang/Object; @ 105
Event: 23.631 Thread 0x000000000d650800 Uncommon trap: reason=unreached action=reinterpret pc=0x00000000034d38a8 method=java.util.Arrays.equals([B[B)Z @ 12

Internal exceptions (10 events):
Event: 22.968 Thread 0x000000000d650800 Threw 0x00000007d7a49e60 at C:\jdk7u2_64p\jdk7u40\hotspot\src\share\vm\prims\jvm.cpp:1244
Event: 22.970 Thread 0x000000000d650800 Threw 0x00000007d7a4ed10 at C:\jdk7u2_64p\jdk7u40\hotspot\src\share\vm\prims\jvm.cpp:1244
Event: 22.972 Thread 0x000000000d650800 Threw 0x00000007d7a54dd0 at C:\jdk7u2_64p\jdk7u40\hotspot\src\share\vm\prims\jvm.cpp:1244
Event: 22.974 Thread 0x000000000d650800 Threw 0x00000007d7a5ab08 at C:\jdk7u2_64p\jdk7u40\hotspot\src\share\vm\prims\jvm.cpp:1244
Event: 22.977 Thread 0x000000000d650800 Threw 0x00000007d7a5f860 at C:\jdk7u2_64p\jdk7u40\hotspot\src\share\vm\prims\jvm.cpp:1244
Event: 22.983 Thread 0x000000000d650800 Threw 0x00000007d7a6dc70 at C:\jdk7u2_64p\jdk7u40\hotspot\src\share\vm\prims\jvm.cpp:1244
Event: 23.384 Thread 0x000000000b67f800 Threw 0x00000007d5da69f8 at C:\jdk7u2_64p\jdk7u40\hotspot\src\share\vm\interpreter\linkResolver.cpp:883
Event: 23.631 Thread 0x000000000d650800 Implicit null exception at 0x00000000034d3758 to 0x00000000034d3895
Event: 23.636 Thread 0x000000000d650800 Threw 0x00000007d60b3808 at C:\jdk7u2_64p\jdk7u40\hotspot\src\share\vm\prims\jvm.cpp:1244
Event: 23.637 Thread 0x000000000d650800 Threw 0x00000007d60b94e0 at C:\jdk7u2_64p\jdk7u40\hotspot\src\share\vm\prims\jvm.cpp:1244

Events (10 events):
Event: 23.632 loading class 0x00000000033a8710
Event: 23.632 loading class 0x00000000033a8710 done
Event: 23.632 loading class 0x000000000f1c79c0
Event: 23.632 loading class 0x000000000f1c79c0 done
Event: 23.636 loading class 0x000000000d59f910
Event: 23.636 loading class 0x000000000d59f910 done
Event: 23.637 loading class 0x000000000d2e1ef0
Event: 23.637 loading class 0x000000000d2e1ef0 done
Event: 23.638 loading class 0x00000000033b44f0
Event: 23.638 loading class 0x00000000033b44f0 done


Dynamic libraries:
0x00007ff747f10000 - 0x00007ff747f43000 	C:\Program Files\Java\jdk1.7.0_40\bin\java.exe
0x00007ffa7f410000 - 0x00007ffa7f5ba000 	C:\Windows\SYSTEM32\ntdll.dll
0x00007ffa7e820000 - 0x00007ffa7e95a000 	C:\Windows\system32\KERNEL32.DLL
0x00007ffa7c900000 - 0x00007ffa7ca0f000 	C:\Windows\system32\KERNELBASE.dll
0x00007ffa7b350000 - 0x00007ffa7b3d8000 	C:\Windows\system32\apphelp.dll
0x00007ffa65400000 - 0x00007ffa6544f000 	C:\Windows\AppPatch\AppPatch64\AcGenral.DLL
0x00007ffa7ce70000 - 0x00007ffa7cf17000 	C:\Windows\system32\msvcrt.dll
0x00007ffa7c5f0000 - 0x00007ffa7c61b000 	C:\Windows\SYSTEM32\SspiCli.dll
0x00007ffa7ee20000 - 0x00007ffa7ee71000 	C:\Windows\system32\SHLWAPI.dll
0x00007ffa7efa0000 - 0x00007ffa7f111000 	C:\Windows\system32\USER32.dll
0x00007ffa7eca0000 - 0x00007ffa7ee18000 	C:\Windows\system32\ole32.dll
0x00007ffa7d400000 - 0x00007ffa7e820000 	C:\Windows\system32\SHELL32.dll
0x00007ffa7bdd0000 - 0x00007ffa7bdee000 	C:\Windows\SYSTEM32\USERENV.dll
0x00007ffa7f1c0000 - 0x00007ffa7f265000 	C:\Windows\system32\ADVAPI32.dll
0x00007ffa74570000 - 0x00007ffa7458b000 	C:\Windows\SYSTEM32\MPR.dll
0x00007ffa7f2d0000 - 0x00007ffa7f406000 	C:\Windows\system32\RPCRT4.dll
0x00007ffa7d0b0000 - 0x00007ffa7d107000 	C:\Windows\SYSTEM32\sechost.dll
0x00007ffa7eac0000 - 0x00007ffa7ec96000 	C:\Windows\SYSTEM32\combase.dll
0x00007ffa7e970000 - 0x00007ffa7eab4000 	C:\Windows\system32\GDI32.dll
0x00007ffa7c780000 - 0x00007ffa7c794000 	C:\Windows\SYSTEM32\profapi.dll
0x00007ffa7b020000 - 0x00007ffa7b0bf000 	C:\Windows\SYSTEM32\SHCORE.dll
0x00007ffa7d040000 - 0x00007ffa7d074000 	C:\Windows\system32\IMM32.DLL
0x00007ffa7d110000 - 0x00007ffa7d249000 	C:\Windows\system32\MSCTF.dll
0x00007ffa7c730000 - 0x00007ffa7c761000 	C:\Windows\system32\nvinitx.dll
0x000000000f000000 - 0x000000000f006000 	C:\Program Files\NVIDIA Corporation\CoProcManager\_etoured.dll
0x00007ffa7b240000 - 0x00007ffa7b26d000 	C:\Program Files\NVIDIA Corporation\CoProcManager\nvd3d9wrapx.dll
0x00007ffa7cc90000 - 0x00007ffa7ce64000 	C:\Windows\system32\SETUPAPI.dll
0x00007ffa7cc40000 - 0x00007ffa7cc8a000 	C:\Windows\system32\CFGMGR32.dll
0x00007ffa7b1e0000 - 0x00007ffa7b202000 	C:\Program Files\NVIDIA Corporation\CoProcManager\nvdxgiwrapx.dll
0x00007ffa7abf0000 - 0x00007ffa7ae4a000 	C:\Windows\WinSxS\amd64_microsoft.windows.common-controls_6595b64144ccf1df_6.0.9600.17031_none_6242a4b3ecbb55a1\COMCTL32.dll
0x00000000616e0000 - 0x00000000617b1000 	C:\Program Files\Java\jdk1.7.0_40\jre\bin\msvcr100.dll
0x00000000617c0000 - 0x0000000061f89000 	C:\Program Files\Java\jdk1.7.0_40\jre\bin\server\jvm.dll
0x00007ffa64bc0000 - 0x00007ffa64bc9000 	C:\Windows\SYSTEM32\WSOCK32.dll
0x00007ffa7a260000 - 0x00007ffa7a27f000 	C:\Windows\SYSTEM32\WINMM.dll
0x00007ffa7d0a0000 - 0x00007ffa7d0a7000 	C:\Windows\system32\PSAPI.DLL
0x00007ffa7f270000 - 0x00007ffa7f2c8000 	C:\Windows\system32\WS2_32.dll
0x00007ffa7a220000 - 0x00007ffa7a24a000 	C:\Windows\SYSTEM32\WINMMBASE.dll
0x00007ffa7cfd0000 - 0x00007ffa7cfd9000 	C:\Windows\system32\NSI.dll
0x00007ffa7b710000 - 0x00007ffa7b736000 	C:\Windows\SYSTEM32\DEVOBJ.dll
0x0000000062740000 - 0x000000006274f000 	C:\Program Files\Java\jdk1.7.0_40\jre\bin\verify.dll
0x0000000061670000 - 0x0000000061698000 	C:\Program Files\Java\jdk1.7.0_40\jre\bin\java.dll
0x0000000061650000 - 0x0000000061665000 	C:\Program Files\Java\jdk1.7.0_40\jre\bin\zip.dll
0x0000000061470000 - 0x0000000061605000 	C:\Program Files\Java\jdk1.7.0_40\jre\bin\awt.dll
0x00007ffa7eee0000 - 0x00007ffa7ef97000 	C:\Windows\system32\OLEAUT32.dll
0x00007ffa7b4d0000 - 0x00007ffa7b5f1000 	C:\Windows\system32\uxtheme.dll
0x00007ffa7ae50000 - 0x00007ffa7ae70000 	C:\Windows\system32\dwmapi.dll
0x00007ffa7b440000 - 0x00007ffa7b44a000 	C:\Windows\SYSTEM32\kernel.appcore.dll
0x00007ffa7c680000 - 0x00007ffa7c68a000 	C:\Windows\SYSTEM32\CRYPTBASE.dll
0x00007ffa7c620000 - 0x00007ffa7c680000 	C:\Windows\SYSTEM32\bcryptPrimitives.dll
0x0000000061430000 - 0x000000006146f000 	C:\Program Files\Java\jdk1.7.0_40\jre\bin\fontmanager.dll
0x0000000061630000 - 0x0000000061649000 	C:\Program Files\Java\jdk1.7.0_40\jre\bin\net.dll
0x00007ffa7c070000 - 0x00007ffa7c0c8000 	C:\Windows\system32\mswsock.dll
0x0000000061610000 - 0x0000000061621000 	C:\Program Files\Java\jdk1.7.0_40\jre\bin\nio.dll
0x00007ffa7cf20000 - 0x00007ffa7cfc4000 	C:\Windows\SYSTEM32\clbcatq.dll
0x00007ffa76320000 - 0x00007ffa764b3000 	C:\Windows\SYSTEM32\WindowsCodecs.dll
0x00007ffa7c0d0000 - 0x00007ffa7c0ee000 	C:\Windows\SYSTEM32\CRYPTSP.dll
0x00007ffa7bcc0000 - 0x00007ffa7bcf5000 	C:\Windows\system32\rsaenh.dll
0x00007ffa7c320000 - 0x00007ffa7c346000 	C:\Windows\SYSTEM32\bcrypt.dll
0x00000000613e0000 - 0x0000000061421000 	C:\Program Files\Java\jdk1.7.0_40\jre\bin\t2k.dll
0x00007ffa7be80000 - 0x00007ffa7bf23000 	C:\Windows\SYSTEM32\DNSAPI.dll
0x00007ffa6a570000 - 0x00007ffa6a579000 	C:\Windows\System32\rasadhlp.dll
0x00007ffa76da0000 - 0x00007ffa76dc9000 	C:\Windows\SYSTEM32\IPHLPAPI.DLL
0x00007ffa76d90000 - 0x00007ffa76d9a000 	C:\Windows\SYSTEM32\WINNSI.DLL
0x00007ffa76610000 - 0x00007ffa76678000 	C:\Windows\System32\fwpuclnt.dll
0x00000000612e0000 - 0x0000000061304000 	C:\Program Files\Java\jdk1.7.0_40\jre\bin\sunec.dll
0x00007ffa596d0000 - 0x00007ffa596e4000 	C:\Windows\system32\napinsp.dll
0x00007ffa60fa0000 - 0x00007ffa60fb9000 	C:\Windows\system32\pnrpnsp.dll
0x00007ffa77370000 - 0x00007ffa77389000 	C:\Windows\system32\NLAapi.dll
0x00007ffa596c0000 - 0x00007ffa596cc000 	C:\Windows\System32\winrnr.dll
0x00007ffa596a0000 - 0x00007ffa596b3000 	C:\Windows\system32\wshbth.dll
0x00000000612d0000 - 0x00000000612db000 	C:\Program Files\Java\jdk1.7.0_40\jre\bin\sunmscapi.dll
0x00007ffa7ca10000 - 0x00007ffa7cbe7000 	C:\Windows\system32\CRYPT32.dll
0x00007ffa7c830000 - 0x00007ffa7c842000 	C:\Windows\system32\MSASN1.dll
0x00000000612b0000 - 0x00000000612c7000 	C:\Windows\System32\sqljdbc_auth.dll
0x00007ffa74560000 - 0x00007ffa7456b000 	C:\Windows\system32\secur32.dll
0x00007ffa7c0f0000 - 0x00007ffa7c1db000 	C:\Windows\system32\kerberos.DLL
0x00007ffa7c1e0000 - 0x00007ffa7c1f8000 	C:\Windows\SYSTEM32\cryptdll.dll
0x00007ffa7c000000 - 0x00007ffa7c068000 	C:\Windows\system32\msv1_0.DLL
0x00007ffa77260000 - 0x00007ffa77288000 	C:\Windows\system32\ntdsapi.dll
0x00007ffa54000000 - 0x00007ffa54188000 	C:\Windows\SYSTEM32\dbghelp.dll

VM Arguments:
jvm_args: -Dfile.encoding=UTF-8 
java_command: GUI.FrmLogin
Launcher Type: SUN_STANDARD

Environment Variables:
PATH=C:\Program Files (x86)\NVIDIA Corporation\PhysX\Common;C:\Windows\system32;C:\Windows;C:\Windows\System32\Wbem;C:\Windows\System32\WindowsPowerShell\v1.0\;C:\Program Files (x86)\Windows Kits\8.1\Windows Performance Toolkit\;C:\Program Files\Microsoft SQL Server\110\Tools\Binn\;C:\Program Files\Microsoft SQL Server\110\DTS\Binn\;C:\Program Files (x86)\Microsoft SQL Server\110\Tools\Binn\;C:\Program Files (x86)\Microsoft SQL Server\110\Tools\Binn\ManagementStudio\;C:\Program Files (x86)\Microsoft Visual Studio 10.0\Common7\IDE\PrivateAssemblies\;C:\Program Files (x86)\Microsoft SQL Server\110\DTS\Binn\;C:\Program Files (x86)\Git\cmd
USERNAME=Hung
OS=Windows_NT
PROCESSOR_IDENTIFIER=Intel64 Family 6 Model 42 Stepping 7, GenuineIntel



---------------  S Y S T E M  ---------------

OS: Windows 8 , 64 bit Build 9200 

CPU:total 4 (2 cores per cpu, 2 threads per core) family 6 model 42 stepping 7, cmov, cx8, fxsr, mmx, sse, sse2, sse3, ssse3, sse4.1, sse4.2, popcnt, avx, aes, ht, tsc, tscinvbit

Memory: 4k page, physical 8293548k(4666312k free), swap 16682156k(11074556k free)

vm_info: Java HotSpot(TM) 64-Bit Server VM (24.0-b56) for windows-amd64 JRE (1.7.0_40-b43), built on Aug 26 2013 22:38:32 by "java_re" with unknown MS VC++:1600

time: Thu Jun 26 11:08:05 2014
elapsed time: 23 seconds

