#
# A fatal error has been detected by the Java Runtime Environment:
#
#  EXCEPTION_ACCESS_VIOLATION (0xc0000005) at pc=0x0000000180007bed, pid=3876, tid=5140
#
# JRE version: Java(TM) SE Runtime Environment (7.0_51-b13) (build 1.7.0_51-b13)
# Java VM: Java HotSpot(TM) 64-Bit Server VM (24.51-b03 mixed mode windows-amd64 compressed oops)
# Problematic frame:
# C  [UKHook40.dll+0x7bed]
#
# Failed to write core dump. Minidumps are not enabled by default on client versions of Windows
#
# If you would like to submit a bug report, please visit:
#   http://bugreport.sun.com/bugreport/crash.jsp
#

---------------  T H R E A D  ---------------

Current thread (0x00000000088f1000):  VMThread [stack: 0x00000000099d0000,0x0000000009ad0000] [id=5140]

siginfo: ExceptionCode=0xc0000005, reading address 0x0000000000000030

Registers:
RAX=0x00001c83535e6000, RBX=0x00000001800352c0, RCX=0x0000000000000030, RDX=0x0000000000000000
RSP=0x0000000009acf0b0, RBP=0x0000000008825400, RSI=0x000000000af30b00, RDI=0x0000000180049c20
R8 =0x0000000009acf0a8, R9 =0x0000000008825400, R10=0x0000000000000000, R11=0x0000000000000286
R12=0x0000000000000001, R13=0x000000000af30b60, R14=0x000000000af30b00, R15=0x0000000000000000
RIP=0x0000000180007bed, EFLAGS=0x0000000000010206

Top of Stack: (sp=0x0000000009acf0b0)
0x0000000009acf0b0:   0000000000fcfc50 00007ff8a7d430a0
0x0000000009acf0c0:   0000000000000000 0000000000000000
0x0000000009acf0d0:   fffffffffffffffe 0000000000000032
0x0000000009acf0e0:   000000000af30b50 0000000180022b0e
0x0000000009acf0f0:   0000000180049c20 00000001800352c0
0x0000000009acf100:   000000000af30b00 0000000000000001
0x0000000009acf110:   000000000af30b50 000000000af30b00
0x0000000009acf120:   000000000af30b00 000000000af30b60
0x0000000009acf130:   000000018001b424 000000018001b424
0x0000000009acf140:   00000000029f1628 0000000180000000
0x0000000009acf150:   0000000000000001 000000018001b284
0x0000000009acf160:   0000000000000001 0000000000000001
0x0000000009acf170:   00007ddc00000001 0000000000000001
0x0000000009acf180:   0000000000000000 000000018001b3de
0x0000000009acf190:   0000000180000000 0000000000000000
0x0000000009acf1a0:   0000000000000001 0000000060bc0000 

Instructions: (pc=0x0000000180007bed)
0x0000000180007bcd:   48 8b f9 48 8b 49 50 48 85 c9 74 0b 48 8b 01 ba
0x0000000180007bdd:   01 00 00 00 ff 50 28 48 8b 4f 60 48 85 c9 74 0b
0x0000000180007bed:   48 8b 01 ba 01 00 00 00 ff 50 28 48 8b 4f 68 48
0x0000000180007bfd:   85 c9 74 0b 48 8b 01 ba 01 00 00 00 ff 50 28 48 


Register to memory mapping:

RAX=0x00001c83535e6000 is an unknown value
RBX=0x00000001800352c0 is an unknown value
RCX=0x0000000000000030 is an unknown value
RDX=0x0000000000000000 is an unknown value
RSP=0x0000000009acf0b0 is an unknown value
RBP=0x0000000008825400 is an unknown value
RSI=0x000000000af30b00 is an unknown value
RDI=0x0000000180049c20 is an unknown value
R8 =0x0000000009acf0a8 is an unknown value
R9 =0x0000000008825400 is an unknown value
R10=0x0000000000000000 is an unknown value
R11=0x0000000000000286 is an unknown value
R12=0x0000000000000001 is an unknown value
R13=0x000000000af30b60 is an unknown value
R14=0x000000000af30b00 is an unknown value
R15=0x0000000000000000 is an unknown value


Stack: [0x00000000099d0000,0x0000000009ad0000],  sp=0x0000000009acf0b0,  free space=1020k
Native frames: (J=compiled Java code, j=interpreted, Vv=VM code, C=native code)
C  [UKHook40.dll+0x7bed]

VM_Operation (0x000000000b48d630): Exit, mode: safepoint, requested by thread 0x000000000a40d800


---------------  P R O C E S S  ---------------

Java Threads: ( => current thread )
  0x000000000b931800 JavaThread "TimerQueue" daemon [_thread_blocked, id=9112, stack(0x000000000c5b0000,0x000000000c6b0000)]
  0x000000000b60f800 JavaThread "Thread-2" [_thread_blocked, id=1196, stack(0x000000000bd90000,0x000000000be90000)]
  0x0000000002b20800 JavaThread "DestroyJavaVM" [_thread_blocked, id=7336, stack(0x0000000002a20000,0x0000000002b20000)]
  0x000000000a40d800 JavaThread "AWT-EventQueue-0" [_thread_blocked, id=8248, stack(0x000000000b390000,0x000000000b490000)]
  0x000000000a39f000 JavaThread "AWT-Shutdown" [_thread_blocked, id=6748, stack(0x000000000abd0000,0x000000000acd0000)]
  0x000000000a39e000 JavaThread "Java2D Disposer" daemon [_thread_blocked, id=6212, stack(0x000000000aad0000,0x000000000abd0000)]
  0x0000000008945800 JavaThread "Service Thread" daemon [_thread_blocked, id=2976, stack(0x000000000a0d0000,0x000000000a1d0000)]
  0x000000000893e800 JavaThread "C2 CompilerThread1" daemon [_thread_blocked, id=3560, stack(0x0000000009fd0000,0x000000000a0d0000)]
  0x0000000008933800 JavaThread "C2 CompilerThread0" daemon [_thread_blocked, id=5372, stack(0x0000000009ed0000,0x0000000009fd0000)]
  0x0000000008932800 JavaThread "Attach Listener" daemon [_thread_blocked, id=4744, stack(0x0000000009dd0000,0x0000000009ed0000)]
  0x000000000892f800 JavaThread "Signal Dispatcher" daemon [_thread_blocked, id=8484, stack(0x0000000009cd0000,0x0000000009dd0000)]
  0x00000000088fe000 JavaThread "Finalizer" daemon [_thread_blocked, id=9196, stack(0x0000000009bd0000,0x0000000009cd0000)]
  0x00000000088f2800 JavaThread "Reference Handler" daemon [_thread_blocked, id=5816, stack(0x0000000009ad0000,0x0000000009bd0000)]

Other Threads:
=>0x00000000088f1000 VMThread [stack: 0x00000000099d0000,0x0000000009ad0000] [id=5140]

VM state:at safepoint (shutting down)

VM Mutex/Monitor currently owned by a thread:  ([mutex/lock_event])
[0x00000000029fc550] Threads_lock - owner thread: 0x00000000088f1000

Heap
 PSYoungGen      total 18944K, used 16280K [0x00000000eb400000, 0x00000000ec900000, 0x0000000100000000)
  eden space 16384K, 83% used [0x00000000eb400000,0x00000000ec16e3a8,0x00000000ec400000)
  from space 2560K, 98% used [0x00000000ec680000,0x00000000ec8f8020,0x00000000ec900000)
  to   space 2560K, 0% used [0x00000000ec400000,0x00000000ec400000,0x00000000ec680000)
 ParOldGen       total 42496K, used 14606K [0x00000000c1c00000, 0x00000000c4580000, 0x00000000eb400000)
  object space 42496K, 34% used [0x00000000c1c00000,0x00000000c2a43828,0x00000000c4580000)
 PSPermGen       total 21504K, used 17612K [0x00000000bca00000, 0x00000000bdf00000, 0x00000000c1c00000)
  object space 21504K, 81% used [0x00000000bca00000,0x00000000bdb33388,0x00000000bdf00000)

Card table byte_map: [0x0000000005c20000,0x0000000005e40000] byte_map_base: 0x000000000563b000

Polling page: 0x0000000002900000

Code Cache  [0x0000000002c20000, 0x0000000002e90000, 0x0000000005c20000)
 total_blobs=878 nmethods=371 adapters=458 free_code_cache=47764Kb largest_free_block=48864384

Compilation events (10 events):
Event: 70.714 Thread 0x0000000008933800  377             java.util.concurrent.locks.AbstractQueuedSynchronizer$ConditionObject::signalAll (33 bytes)
Event: 70.718 Thread 0x0000000008933800 nmethod 377 0x0000000002d716d0 code [0x0000000002d71820, 0x0000000002d71978]
Event: 73.578 Thread 0x000000000893e800  378             java.util.Calendar::setFieldsComputed (117 bytes)
Event: 73.583 Thread 0x000000000893e800 nmethod 378 0x0000000002d26550 code [0x0000000002d266c0, 0x0000000002d26938]
Event: 75.579 Thread 0x0000000008933800  379             javax.swing.plaf.metal.MetalLookAndFeel$MetalLayoutStyle::getPreferredGap (223 bytes)
Event: 75.579 Thread 0x000000000893e800  380             javax.swing.plaf.metal.MetalLookAndFeel$MetalLayoutStyle::getButtonGap (58 bytes)
Event: 75.593 Thread 0x000000000893e800 nmethod 380 0x0000000002d6e590 code [0x0000000002d6e780, 0x0000000002d6edd0]
Event: 75.610 Thread 0x0000000008933800 nmethod 379 0x0000000002d83310 code [0x0000000002d835c0, 0x0000000002d84460]
Event: 79.580 Thread 0x000000000893e800  381             javax.swing.GroupLayout$AutoPreferredGapSpring::calculatePreferredSize (34 bytes)
Event: 79.581 Thread 0x000000000893e800 nmethod 381 0x0000000002d736d0 code [0x0000000002d73800, 0x0000000002d73878]

GC Heap History (4 events):
Event: 3.540 GC heap before
{Heap before GC invocations=1 (full 0):
 PSYoungGen      total 18944K, used 16384K [0x00000000eb400000, 0x00000000ec900000, 0x0000000100000000)
  eden space 16384K, 100% used [0x00000000eb400000,0x00000000ec400000,0x00000000ec400000)
  from space 2560K, 0% used [0x00000000ec680000,0x00000000ec680000,0x00000000ec900000)
  to   space 2560K, 0% used [0x00000000ec400000,0x00000000ec400000,0x00000000ec680000)
 ParOldGen       total 42496K, used 0K [0x00000000c1c00000, 0x00000000c4580000, 0x00000000eb400000)
  object space 42496K, 0% used [0x00000000c1c00000,0x00000000c1c00000,0x00000000c4580000)
 PSPermGen       total 21504K, used 14767K [0x00000000bca00000, 0x00000000bdf00000, 0x00000000c1c00000)
  object space 21504K, 68% used [0x00000000bca00000,0x00000000bd86bfd0,0x00000000bdf00000)
Event: 3.551 GC heap after
Heap after GC invocations=1 (full 0):
 PSYoungGen      total 18944K, used 2560K [0x00000000eb400000, 0x00000000ec900000, 0x0000000100000000)
  eden space 16384K, 0% used [0x00000000eb400000,0x00000000eb400000,0x00000000ec400000)
  from space 2560K, 100% used [0x00000000ec400000,0x00000000ec680000,0x00000000ec680000)
  to   space 2560K, 0% used [0x00000000ec680000,0x00000000ec680000,0x00000000ec900000)
 ParOldGen       total 42496K, used 11809K [0x00000000c1c00000, 0x00000000c4580000, 0x00000000eb400000)
  object space 42496K, 27% used [0x00000000c1c00000,0x00000000c2788660,0x00000000c4580000)
 PSPermGen       total 21504K, used 14767K [0x00000000bca00000, 0x00000000bdf00000, 0x00000000c1c00000)
  object space 21504K, 68% used [0x00000000bca00000,0x00000000bd86bfd0,0x00000000bdf00000)
}
Event: 47.719 GC heap before
{Heap before GC invocations=2 (full 0):
 PSYoungGen      total 18944K, used 18944K [0x00000000eb400000, 0x00000000ec900000, 0x0000000100000000)
  eden space 16384K, 100% used [0x00000000eb400000,0x00000000ec400000,0x00000000ec400000)
  from space 2560K, 100% used [0x00000000ec400000,0x00000000ec680000,0x00000000ec680000)
  to   space 2560K, 0% used [0x00000000ec680000,0x00000000ec680000,0x00000000ec900000)
 ParOldGen       total 42496K, used 11809K [0x00000000c1c00000, 0x00000000c4580000, 0x00000000eb400000)
  object space 42496K, 27% used [0x00000000c1c00000,0x00000000c2788660,0x00000000c4580000)
 PSPermGen       total 21504K, used 17253K [0x00000000bca00000, 0x00000000bdf00000, 0x00000000c1c00000)
  object space 21504K, 80% used [0x00000000bca00000,0x00000000bdad9598,0x00000000bdf00000)
Event: 47.739 GC heap after
Heap after GC invocations=2 (full 0):
 PSYoungGen      total 18944K, used 2528K [0x00000000eb400000, 0x00000000ec900000, 0x0000000100000000)
  eden space 16384K, 0% used [0x00000000eb400000,0x00000000eb400000,0x00000000ec400000)
  from space 2560K, 98% used [0x00000000ec680000,0x00000000ec8f8020,0x00000000ec900000)
  to   space 2560K, 0% used [0x00000000ec400000,0x00000000ec400000,0x00000000ec680000)
 ParOldGen       total 42496K, used 14606K [0x00000000c1c00000, 0x00000000c4580000, 0x00000000eb400000)
  object space 42496K, 34% used [0x00000000c1c00000,0x00000000c2a43828,0x00000000c4580000)
 PSPermGen       total 21504K, used 17253K [0x00000000bca00000, 0x00000000bdf00000, 0x00000000c1c00000)
  object space 21504K, 80% used [0x00000000bca00000,0x00000000bdad9598,0x00000000bdf00000)
}

Deoptimization events (10 events):
Event: 6.882 Thread 0x000000000a40d800 Uncommon trap: reason=bimorphic action=maybe_recompile pc=0x0000000002cdc080 method=java.util.ArrayList.indexOf(Ljava/lang/Object;)I @ 51
Event: 6.882 Thread 0x000000000a40d800 Uncommon trap: reason=bimorphic action=maybe_recompile pc=0x0000000002cdc080 method=java.util.ArrayList.indexOf(Ljava/lang/Object;)I @ 51
Event: 6.882 Thread 0x000000000a40d800 Uncommon trap: reason=bimorphic action=maybe_recompile pc=0x0000000002cdc080 method=java.util.ArrayList.indexOf(Ljava/lang/Object;)I @ 51
Event: 6.883 Thread 0x000000000a40d800 Uncommon trap: reason=bimorphic action=maybe_recompile pc=0x0000000002cdc080 method=java.util.ArrayList.indexOf(Ljava/lang/Object;)I @ 51
Event: 17.835 Thread 0x000000000a40d800 Uncommon trap: reason=class_check action=maybe_recompile pc=0x0000000002ce5990 method=java.awt.Container.getMouseEventTargetImpl(IIZLjava/awt/Container$EventTargetFilter;ZZ)Ljava/awt/Component; @ 191
Event: 17.836 Thread 0x000000000a40d800 Uncommon trap: reason=class_check action=maybe_recompile pc=0x0000000002ce5990 method=java.awt.Container.getMouseEventTargetImpl(IIZLjava/awt/Container$EventTargetFilter;ZZ)Ljava/awt/Component; @ 191
Event: 17.843 Thread 0x000000000a40d800 Uncommon trap: reason=class_check action=maybe_recompile pc=0x0000000002ce5990 method=java.awt.Container.getMouseEventTargetImpl(IIZLjava/awt/Container$EventTargetFilter;ZZ)Ljava/awt/Component; @ 191
Event: 17.859 Thread 0x000000000a40d800 Uncommon trap: reason=class_check action=maybe_recompile pc=0x0000000002ce5990 method=java.awt.Container.getMouseEventTargetImpl(IIZLjava/awt/Container$EventTargetFilter;ZZ)Ljava/awt/Component; @ 191
Event: 50.025 Thread 0x000000000a40d800 Uncommon trap: reason=unreached action=reinterpret pc=0x0000000002cf7660 method=java.security.AccessControlContext.optimize()Ljava/security/AccessControlContext; @ 123
Event: 54.444 Thread 0x000000000a40d800 Uncommon trap: reason=null_check action=make_not_entrant pc=0x0000000002d1acfc method=javax.swing.RepaintManager.extendDirtyRegion(Ljava/awt/Component;IIII)Z @ 10

Internal exceptions (10 events):
Event: 16.915 Thread 0x000000000a40d800 Threw 0x00000000ec10a3f8 at C:\re\jdk7u51\527\hotspot\src\share\vm\prims\jvm.cpp:1244
Event: 16.949 Thread 0x000000000a40d800 Threw 0x00000000ec172810 at C:\re\jdk7u51\527\hotspot\src\share\vm\prims\jvm.cpp:1244
Event: 16.950 Thread 0x000000000a40d800 Threw 0x00000000ec177ed8 at C:\re\jdk7u51\527\hotspot\src\share\vm\prims\jvm.cpp:1244
Event: 16.951 Thread 0x000000000a40d800 Threw 0x00000000ec187970 at C:\re\jdk7u51\527\hotspot\src\share\vm\prims\jvm.cpp:1244
Event: 16.952 Thread 0x000000000a40d800 Threw 0x00000000ec18e330 at C:\re\jdk7u51\527\hotspot\src\share\vm\prims\jvm.cpp:1244
Event: 16.953 Thread 0x000000000a40d800 Threw 0x00000000ec199ee0 at C:\re\jdk7u51\527\hotspot\src\share\vm\prims\jvm.cpp:1244
Event: 16.954 Thread 0x000000000a40d800 Threw 0x00000000ec1a37a0 at C:\re\jdk7u51\527\hotspot\src\share\vm\prims\jvm.cpp:1244
Event: 16.954 Thread 0x000000000a40d800 Threw 0x00000000ec1a9210 at C:\re\jdk7u51\527\hotspot\src\share\vm\prims\jvm.cpp:1244
Event: 16.956 Thread 0x000000000a40d800 Threw 0x00000000ec1b5a30 at C:\re\jdk7u51\527\hotspot\src\share\vm\prims\jvm.cpp:1244
Event: 54.444 Thread 0x000000000a40d800 Implicit null exception at 0x0000000002d1aa18 to 0x0000000002d1acf1

Events (10 events):
Event: 67.475 loading class 0x000000000a381fe0
Event: 67.476 loading class 0x000000000a381fe0 done
Event: 82.539 Thread 0x000000000b693000 Thread added: 0x000000000b693000
Event: 82.539 Thread 0x000000000d850800 Thread added: 0x000000000d850800
Event: 82.539 Thread 0x000000000b927800 Thread added: 0x000000000b927800
Event: 82.540 Thread 0x000000000b927800 Thread exited: 0x000000000b927800
Event: 82.540 Thread 0x000000000d850800 Thread exited: 0x000000000d850800
Event: 82.564 Thread 0x000000000a3ae800 Thread exited: 0x000000000a3ae800
Event: 82.640 Thread 0x000000000b693000 Thread exited: 0x000000000b693000
Event: 82.640 Executing VM operation: Exit


Dynamic libraries:
0x00007ff6f17e0000 - 0x00007ff6f1813000 	C:\Program Files\Java\jdk1.7.0_51\bin\java.exe
0x00007ff8a7cf0000 - 0x00007ff8a7e9a000 	C:\WINDOWS\SYSTEM32\ntdll.dll
0x00007ff8a5630000 - 0x00007ff8a576a000 	C:\WINDOWS\system32\KERNEL32.DLL
0x00007ff8a5460000 - 0x00007ff8a556f000 	C:\WINDOWS\system32\KERNELBASE.dll
0x00007ff8a3c40000 - 0x00007ff8a3cc8000 	C:\WINDOWS\system32\apphelp.dll
0x00007ff893940000 - 0x00007ff89398f000 	C:\WINDOWS\AppPatch\AppPatch64\AcGenral.DLL
0x00007ff8a5e60000 - 0x00007ff8a5f07000 	C:\WINDOWS\system32\msvcrt.dll
0x00007ff8a4e10000 - 0x00007ff8a4e3b000 	C:\WINDOWS\SYSTEM32\SspiCli.dll
0x00007ff8a5fd0000 - 0x00007ff8a6021000 	C:\WINDOWS\system32\SHLWAPI.dll
0x00007ff8a5770000 - 0x00007ff8a58e1000 	C:\WINDOWS\system32\USER32.dll
0x00007ff8a5ce0000 - 0x00007ff8a5e58000 	C:\WINDOWS\system32\ole32.dll
0x00007ff8a68d0000 - 0x00007ff8a7ce6000 	C:\WINDOWS\system32\SHELL32.dll
0x00007ff8a4640000 - 0x00007ff8a465e000 	C:\WINDOWS\SYSTEM32\USERENV.dll
0x00007ff8a5c10000 - 0x00007ff8a5cb5000 	C:\WINDOWS\system32\ADVAPI32.dll
0x00007ff89ca30000 - 0x00007ff89ca4b000 	C:\WINDOWS\SYSTEM32\MPR.dll
0x00007ff8a62f0000 - 0x00007ff8a6426000 	C:\WINDOWS\system32\RPCRT4.dll
0x00007ff8a55d0000 - 0x00007ff8a5627000 	C:\WINDOWS\SYSTEM32\sechost.dll
0x00007ff8a58f0000 - 0x00007ff8a5ac6000 	C:\WINDOWS\SYSTEM32\combase.dll
0x00007ff8a6100000 - 0x00007ff8a6245000 	C:\WINDOWS\system32\GDI32.dll
0x00007ff8a5060000 - 0x00007ff8a5074000 	C:\WINDOWS\SYSTEM32\profapi.dll
0x00007ff8a3670000 - 0x00007ff8a370f000 	C:\WINDOWS\SYSTEM32\SHCORE.dll
0x00007ff8a6500000 - 0x00007ff8a6534000 	C:\WINDOWS\system32\IMM32.DLL
0x00007ff8a5ad0000 - 0x00007ff8a5c09000 	C:\WINDOWS\system32\MSCTF.dll
0x00007ff8a5020000 - 0x00007ff8a504f000 	C:\WINDOWS\system32\nvinitx.dll
0x00007ff8a3240000 - 0x00007ff8a349a000 	C:\WINDOWS\WinSxS\amd64_microsoft.windows.common-controls_6595b64144ccf1df_6.0.9600.17031_none_6242a4b3ecbb55a1\COMCTL32.dll
0x0000000060cd0000 - 0x0000000060da2000 	C:\Program Files\Java\jdk1.7.0_51\jre\bin\msvcr100.dll
0x0000000060db0000 - 0x0000000061579000 	C:\Program Files\Java\jdk1.7.0_51\jre\bin\server\jvm.dll
0x00007ff8a2050000 - 0x00007ff8a2059000 	C:\WINDOWS\SYSTEM32\WSOCK32.dll
0x00007ff8a2a60000 - 0x00007ff8a2a7f000 	C:\WINDOWS\SYSTEM32\WINMM.dll
0x00007ff8a5f10000 - 0x00007ff8a5f17000 	C:\WINDOWS\system32\PSAPI.DLL
0x00007ff8a6090000 - 0x00007ff8a60e8000 	C:\WINDOWS\system32\WS2_32.dll
0x00007ff8a28d0000 - 0x00007ff8a28fa000 	C:\WINDOWS\SYSTEM32\WINMMBASE.dll
0x00007ff8a6430000 - 0x00007ff8a6439000 	C:\WINDOWS\system32\NSI.dll
0x00007ff8a5130000 - 0x00007ff8a517a000 	C:\WINDOWS\SYSTEM32\cfgmgr32.dll
0x00007ff8a3ec0000 - 0x00007ff8a3ee6000 	C:\WINDOWS\SYSTEM32\DEVOBJ.dll
0x0000000062bb0000 - 0x0000000062bbf000 	C:\Program Files\Java\jdk1.7.0_51\jre\bin\verify.dll
0x0000000060c60000 - 0x0000000060c88000 	C:\Program Files\Java\jdk1.7.0_51\jre\bin\java.dll
0x0000000060c40000 - 0x0000000060c55000 	C:\Program Files\Java\jdk1.7.0_51\jre\bin\zip.dll
0x0000000061850000 - 0x00000000619e5000 	C:\Program Files\Java\jdk1.7.0_51\jre\bin\awt.dll
0x00007ff8a6440000 - 0x00007ff8a64f7000 	C:\WINDOWS\system32\OLEAUT32.dll
0x00007ff8a3d40000 - 0x00007ff8a3e61000 	C:\WINDOWS\system32\uxtheme.dll
0x00007ff8a34a0000 - 0x00007ff8a34c0000 	C:\WINDOWS\system32\dwmapi.dll
0x00007ff8a3cf0000 - 0x00007ff8a3cfa000 	C:\WINDOWS\SYSTEM32\kernel.appcore.dll
0x00007ff8a4ea0000 - 0x00007ff8a4eaa000 	C:\WINDOWS\SYSTEM32\CRYPTBASE.dll
0x00007ff8a4e40000 - 0x00007ff8a4ea0000 	C:\WINDOWS\SYSTEM32\bcryptPrimitives.dll
0x0000000060c20000 - 0x0000000060c39000 	C:\Program Files\Java\jdk1.7.0_51\jre\bin\net.dll
0x00007ff8a4890000 - 0x00007ff8a48e8000 	C:\WINDOWS\system32\mswsock.dll
0x0000000060c00000 - 0x0000000060c11000 	C:\Program Files\Java\jdk1.7.0_51\jre\bin\nio.dll
0x0000000061800000 - 0x0000000061847000 	C:\Program Files\Java\jdk1.7.0_51\jre\bin\fontmanager.dll
0x00000000617b0000 - 0x00000000617f1000 	C:\Program Files\Java\jdk1.7.0_51\jre\bin\t2k.dll
0x0000000180000000 - 0x0000000180054000 	C:\Program Files\UniKey\UKHook40.dll
0x00007ff8a5f20000 - 0x00007ff8a5fc4000 	C:\WINDOWS\SYSTEM32\clbcatq.dll
0x00007ff8a46a0000 - 0x00007ff8a4743000 	C:\WINDOWS\SYSTEM32\DNSAPI.dll
0x00007ff893f40000 - 0x00007ff893f49000 	C:\Windows\System32\rasadhlp.dll
0x00007ff89f530000 - 0x00007ff89f559000 	C:\WINDOWS\SYSTEM32\IPHLPAPI.DLL
0x00007ff89f510000 - 0x00007ff89f51a000 	C:\WINDOWS\SYSTEM32\WINNSI.DLL
0x00007ff89f0c0000 - 0x00007ff89f128000 	C:\WINDOWS\System32\fwpuclnt.dll
0x00007ff8a48f0000 - 0x00007ff8a490e000 	C:\WINDOWS\SYSTEM32\CRYPTSP.dll
0x00007ff8a4530000 - 0x00007ff8a4565000 	C:\WINDOWS\system32\rsaenh.dll
0x00007ff8a4b20000 - 0x00007ff8a4b46000 	C:\WINDOWS\SYSTEM32\bcrypt.dll
0x00007ff88d070000 - 0x00007ff88d084000 	C:\WINDOWS\system32\napinsp.dll
0x00007ff88d140000 - 0x00007ff88d159000 	C:\WINDOWS\system32\pnrpnsp.dll
0x00007ff89ffe0000 - 0x00007ff89fff9000 	C:\WINDOWS\system32\NLAapi.dll
0x00007ff88d160000 - 0x00007ff88d16c000 	C:\WINDOWS\System32\winrnr.dll
0x00007ff88d260000 - 0x00007ff88d273000 	C:\WINDOWS\system32\wshbth.dll
0x0000000060bc0000 - 0x0000000060be4000 	C:\Program Files\Java\jdk1.7.0_51\jre\bin\sunec.dll
0x0000000060bb0000 - 0x0000000060bbb000 	C:\Program Files\Java\jdk1.7.0_51\jre\bin\sunmscapi.dll
0x00007ff8a5180000 - 0x00007ff8a5357000 	C:\WINDOWS\system32\CRYPT32.dll
0x00007ff8a5110000 - 0x00007ff8a5122000 	C:\WINDOWS\system32\MSASN1.dll
0x0000000060b60000 - 0x0000000060b77000 	C:\Program Files\Java\jdk1.7.0_51\bin\sqljdbc_auth.dll
0x00007ff89ca20000 - 0x00007ff89ca2b000 	C:\WINDOWS\system32\secur32.dll
0x00007ff8a4910000 - 0x00007ff8a49fb000 	C:\WINDOWS\system32\kerberos.DLL
0x00007ff8a4a00000 - 0x00007ff8a4a18000 	C:\WINDOWS\SYSTEM32\cryptdll.dll
0x00007ff8a4820000 - 0x00007ff8a4888000 	C:\WINDOWS\system32\msv1_0.DLL
0x00007ff89fce0000 - 0x00007ff89fd08000 	C:\WINDOWS\system32\ntdsapi.dll
0x00007ff8a1410000 - 0x00007ff8a15a3000 	C:\WINDOWS\SYSTEM32\WindowsCodecs.dll
0x0000000060b80000 - 0x0000000060baa000 	C:\Program Files\Java\jdk1.7.0_51\jre\bin\dcpr.dll
0x00007ff888ed0000 - 0x00007ff889058000 	C:\WINDOWS\SYSTEM32\dbghelp.dll

VM Arguments:
jvm_args: -Dfile.encoding=UTF-8 
java_command: GUI.frmMain
Launcher Type: SUN_STANDARD

Environment Variables:
CLASSPATH=CLASSPATH =.;E:\Dropbox\Hoc ki 6\sqljdbc_4.0\enu\sqljdbc.jar
PATH=C:\Program Files (x86)\NVIDIA Corporation\PhysX\Common;C:\WINDOWS\system32;C:\WINDOWS;C:\WINDOWS\System32\Wbem;C:\WINDOWS\System32\WindowsPowerShell\v1.0\;C:\Program Files\Microsoft\Web Platform Installer\;C:\Program Files (x86)\Microsoft ASP.NET\ASP.NET Web Pages\v1.0\;C:\Program Files\Microsoft SQL Server\110\Tools\Binn\;C:\Program Files (x86)\Intel\OpenCL SDK\2.0\bin\x86;C:\Program Files (x86)\Intel\OpenCL SDK\2.0\bin\x64;C:\Program Files\Microsoft SQL Server\110\DTS\Binn\;C:\Program Files (x86)\Microsoft SQL Server\110\Tools\Binn\;C:\Program Files (x86)\Microsoft SQL Server\110\Tools\Binn\ManagementStudio\;C:\Program Files (x86)\Microsoft Visual Studio 10.0\Common7\IDE\PrivateAssemblies\;C:\Program Files (x86)\Microsoft SQL Server\110\DTS\Binn\;C:\Program Files (x86)\Git\cmd;C:\Program Files (x86)\Windows Kits\8.1\Windows Performance Toolkit\;.;;.;
USERNAME=John
OS=Windows_NT
PROCESSOR_IDENTIFIER=Intel64 Family 6 Model 58 Stepping 9, GenuineIntel



---------------  S Y S T E M  ---------------

OS: Windows 8 , 64 bit Build 9200 

CPU:total 4 (2 cores per cpu, 2 threads per core) family 6 model 58 stepping 9, cmov, cx8, fxsr, mmx, sse, sse2, sse3, ssse3, sse4.1, sse4.2, popcnt, avx, erms, ht, tsc, tscinvbit, tscinv

Memory: 4k page, physical 4077036k(1032128k free), swap 7161232k(2257972k free)

vm_info: Java HotSpot(TM) 64-Bit Server VM (24.51-b03) for windows-amd64 JRE (1.7.0_51-b13), built on Dec 18 2013 18:40:56 by "java_re" with unknown MS VC++:1600

time: Tue Jun 03 16:25:29 2014
elapsed time: 82 seconds

